CRITICAL - 2023-04-19 05:12:12 --> Maximum execution time of 60 seconds exceeded
in SYSTEMPATH\HTTP\CURLRequest.php on line 663.
 1 [internal function]: CodeIgniter\Debug\Exceptions->shutdownHandler()
CRITICAL - 2023-04-19 05:15:26 --> Maximum execution time of 60 seconds exceeded
in SYSTEMPATH\HTTP\CURLRequest.php on line 663.
 1 [internal function]: CodeIgniter\Debug\Exceptions->shutdownHandler()
CRITICAL - 2023-04-19 05:18:52 --> Maximum execution time of 60 seconds exceeded
in SYSTEMPATH\HTTP\CURLRequest.php on line 663.
 1 [internal function]: CodeIgniter\Debug\Exceptions->shutdownHandler()
CRITICAL - 2023-04-19 05:59:57 --> Invalid argument supplied for foreach()
in APPPATH\Views\jobApplication.php on line 44.
 1 APPPATH\Views\jobApplication.php(44): CodeIgniter\Debug\Exceptions->errorHandler(2, 'Invalid argument supplied for foreach()', 'C:\\xampp\\htdocs\\WUS-web\\app\\Views\\jobApplication.php', 44, [...])
 2 SYSTEMPATH\View\View.php(213): include('C:\\xampp\\htdocs\\WUS-web\\app\\Views\\jobApplication.php')
 3 SYSTEMPATH\View\View.php(216): CodeIgniter\View\View->CodeIgniter\View\{closure}()
 4 SYSTEMPATH\Common.php(1184): CodeIgniter\View\View->render('jobApplication', [], true)
 5 APPPATH\Controllers\Home.php(205): view('jobApplication', [...])
 6 SYSTEMPATH\CodeIgniter.php(934): App\Controllers\Home->AddInternationJobApplication()
 7 SYSTEMPATH\CodeIgniter.php(499): CodeIgniter\CodeIgniter->runController(Object(App\Controllers\Home))
 8 SYSTEMPATH\CodeIgniter.php(368): CodeIgniter\CodeIgniter->handleRequest(null, Object(Config\Cache), false)
 9 FCPATH\index.php(67): CodeIgniter\CodeIgniter->run()
10 SYSTEMPATH\Commands\Server\rewrite.php(47): require_once('C:\\xampp\\htdocs\\WUS-web\\public\\index.php')
CRITICAL - 2023-04-19 10:28:15 --> Maximum execution time of 60 seconds exceeded
in SYSTEMPATH\HTTP\CURLRequest.php on line 663.
 1 [internal function]: CodeIgniter\Debug\Exceptions->shutdownHandler()
CRITICAL - 2023-04-19 11:33:48 --> include(header.php): failed to open stream: No such file or directory
in APPPATH\Views\Login\Login.php on line 2.
 1 APPPATH\Views\Login\Login.php(2): CodeIgniter\Debug\Exceptions->errorHandler(2, 'include(header.php): failed to open stream: No such file or directory', 'C:\\xampp\\htdocs\\WUS-web\\app\\Views\\Login\\Login.php', 2, [])
 2 APPPATH\Views\Login\Login.php(2): include()
 3 SYSTEMPATH\View\View.php(213): include('C:\\xampp\\htdocs\\WUS-web\\app\\Views\\Login\\Login.php')
 4 SYSTEMPATH\View\View.php(216): CodeIgniter\View\View->CodeIgniter\View\{closure}()
 5 SYSTEMPATH\Common.php(1184): CodeIgniter\View\View->render('Login/Login', [], true)
 6 APPPATH\Controllers\Login.php(11): view('Login/Login')
 7 SYSTEMPATH\CodeIgniter.php(934): App\Controllers\Login->index()
 8 SYSTEMPATH\CodeIgniter.php(499): CodeIgniter\CodeIgniter->runController(Object(App\Controllers\Login))
 9 SYSTEMPATH\CodeIgniter.php(368): CodeIgniter\CodeIgniter->handleRequest(null, Object(Config\Cache), false)
10 FCPATH\index.php(67): CodeIgniter\CodeIgniter->run()
11 SYSTEMPATH\Commands\Server\rewrite.php(47): require_once('C:\\xampp\\htdocs\\WUS-web\\public\\index.php')
CRITICAL - 2023-04-19 11:33:50 --> include(header.php): failed to open stream: No such file or directory
in APPPATH\Views\Login\Login.php on line 2.
 1 APPPATH\Views\Login\Login.php(2): CodeIgniter\Debug\Exceptions->errorHandler(2, 'include(header.php): failed to open stream: No such file or directory', 'C:\\xampp\\htdocs\\WUS-web\\app\\Views\\Login\\Login.php', 2, [])
 2 APPPATH\Views\Login\Login.php(2): include()
 3 SYSTEMPATH\View\View.php(213): include('C:\\xampp\\htdocs\\WUS-web\\app\\Views\\Login\\Login.php')
 4 SYSTEMPATH\View\View.php(216): CodeIgniter\View\View->CodeIgniter\View\{closure}()
 5 SYSTEMPATH\Common.php(1184): CodeIgniter\View\View->render('Login/Login', [], true)
 6 APPPATH\Controllers\Login.php(11): view('Login/Login')
 7 SYSTEMPATH\CodeIgniter.php(934): App\Controllers\Login->index()
 8 SYSTEMPATH\CodeIgniter.php(499): CodeIgniter\CodeIgniter->runController(Object(App\Controllers\Login))
 9 SYSTEMPATH\CodeIgniter.php(368): CodeIgniter\CodeIgniter->handleRequest(null, Object(Config\Cache), false)
10 FCPATH\index.php(67): CodeIgniter\CodeIgniter->run()
11 SYSTEMPATH\Commands\Server\rewrite.php(47): require_once('C:\\xampp\\htdocs\\WUS-web\\public\\index.php')
CRITICAL - 2023-04-19 11:34:18 --> include(header.php): failed to open stream: No such file or directory
in APPPATH\Views\Login\Login.php on line 2.
 1 APPPATH\Views\Login\Login.php(2): CodeIgniter\Debug\Exceptions->errorHandler(2, 'include(header.php): failed to open stream: No such file or directory', 'C:\\xampp\\htdocs\\WUS-web\\app\\Views\\Login\\Login.php', 2, [])
 2 APPPATH\Views\Login\Login.php(2): include()
 3 SYSTEMPATH\View\View.php(213): include('C:\\xampp\\htdocs\\WUS-web\\app\\Views\\Login\\Login.php')
 4 SYSTEMPATH\View\View.php(216): CodeIgniter\View\View->CodeIgniter\View\{closure}()
 5 SYSTEMPATH\Common.php(1184): CodeIgniter\View\View->render('Login/Login', [], true)
 6 APPPATH\Controllers\Login.php(11): view('Login/Login')
 7 SYSTEMPATH\CodeIgniter.php(934): App\Controllers\Login->index()
 8 SYSTEMPATH\CodeIgniter.php(499): CodeIgniter\CodeIgniter->runController(Object(App\Controllers\Login))
 9 SYSTEMPATH\CodeIgniter.php(368): CodeIgniter\CodeIgniter->handleRequest(null, Object(Config\Cache), false)
10 FCPATH\index.php(67): CodeIgniter\CodeIgniter->run()
11 SYSTEMPATH\Commands\Server\rewrite.php(47): require_once('C:\\xampp\\htdocs\\WUS-web\\public\\index.php')
CRITICAL - 2023-04-19 11:34:24 --> include(header.php): failed to open stream: No such file or directory
in APPPATH\Views\Login\Login.php on line 2.
 1 APPPATH\Views\Login\Login.php(2): CodeIgniter\Debug\Exceptions->errorHandler(2, 'include(header.php): failed to open stream: No such file or directory', 'C:\\xampp\\htdocs\\WUS-web\\app\\Views\\Login\\Login.php', 2, [])
 2 APPPATH\Views\Login\Login.php(2): include()
 3 SYSTEMPATH\View\View.php(213): include('C:\\xampp\\htdocs\\WUS-web\\app\\Views\\Login\\Login.php')
 4 SYSTEMPATH\View\View.php(216): CodeIgniter\View\View->CodeIgniter\View\{closure}()
 5 SYSTEMPATH\Common.php(1184): CodeIgniter\View\View->render('Login/Login', [], true)
 6 APPPATH\Controllers\Login.php(11): view('Login/Login')
 7 SYSTEMPATH\CodeIgniter.php(934): App\Controllers\Login->index()
 8 SYSTEMPATH\CodeIgniter.php(499): CodeIgniter\CodeIgniter->runController(Object(App\Controllers\Login))
 9 SYSTEMPATH\CodeIgniter.php(368): CodeIgniter\CodeIgniter->handleRequest(null, Object(Config\Cache), false)
10 FCPATH\index.php(67): CodeIgniter\CodeIgniter->run()
11 SYSTEMPATH\Commands\Server\rewrite.php(47): require_once('C:\\xampp\\htdocs\\WUS-web\\public\\index.php')
CRITICAL - 2023-04-19 11:34:26 --> include(header.php): failed to open stream: No such file or directory
in APPPATH\Views\Login\Login.php on line 2.
 1 APPPATH\Views\Login\Login.php(2): CodeIgniter\Debug\Exceptions->errorHandler(2, 'include(header.php): failed to open stream: No such file or directory', 'C:\\xampp\\htdocs\\WUS-web\\app\\Views\\Login\\Login.php', 2, [])
 2 APPPATH\Views\Login\Login.php(2): include()
 3 SYSTEMPATH\View\View.php(213): include('C:\\xampp\\htdocs\\WUS-web\\app\\Views\\Login\\Login.php')
 4 SYSTEMPATH\View\View.php(216): CodeIgniter\View\View->CodeIgniter\View\{closure}()
 5 SYSTEMPATH\Common.php(1184): CodeIgniter\View\View->render('Login/Login', [], true)
 6 APPPATH\Controllers\Login.php(11): view('Login/Login')
 7 SYSTEMPATH\CodeIgniter.php(934): App\Controllers\Login->index()
 8 SYSTEMPATH\CodeIgniter.php(499): CodeIgniter\CodeIgniter->runController(Object(App\Controllers\Login))
 9 SYSTEMPATH\CodeIgniter.php(368): CodeIgniter\CodeIgniter->handleRequest(null, Object(Config\Cache), false)
10 FCPATH\index.php(67): CodeIgniter\CodeIgniter->run()
11 SYSTEMPATH\Commands\Server\rewrite.php(47): require_once('C:\\xampp\\htdocs\\WUS-web\\public\\index.php')
CRITICAL - 2023-04-19 11:34:37 --> include(header.php): failed to open stream: No such file or directory
in APPPATH\Views\Login\Login.php on line 2.
 1 APPPATH\Views\Login\Login.php(2): CodeIgniter\Debug\Exceptions->errorHandler(2, 'include(header.php): failed to open stream: No such file or directory', 'C:\\xampp\\htdocs\\WUS-web\\app\\Views\\Login\\Login.php', 2, [])
 2 APPPATH\Views\Login\Login.php(2): include()
 3 SYSTEMPATH\View\View.php(213): include('C:\\xampp\\htdocs\\WUS-web\\app\\Views\\Login\\Login.php')
 4 SYSTEMPATH\View\View.php(216): CodeIgniter\View\View->CodeIgniter\View\{closure}()
 5 SYSTEMPATH\Common.php(1184): CodeIgniter\View\View->render('Login/Login', [], true)
 6 APPPATH\Controllers\Login.php(11): view('Login/Login')
 7 SYSTEMPATH\CodeIgniter.php(934): App\Controllers\Login->index()
 8 SYSTEMPATH\CodeIgniter.php(499): CodeIgniter\CodeIgniter->runController(Object(App\Controllers\Login))
 9 SYSTEMPATH\CodeIgniter.php(368): CodeIgniter\CodeIgniter->handleRequest(null, Object(Config\Cache), false)
10 FCPATH\index.php(67): CodeIgniter\CodeIgniter->run()
11 SYSTEMPATH\Commands\Server\rewrite.php(47): require_once('C:\\xampp\\htdocs\\WUS-web\\public\\index.php')
CRITICAL - 2023-04-19 11:34:42 --> include(header.php): failed to open stream: No such file or directory
in APPPATH\Views\Login\Login.php on line 2.
 1 APPPATH\Views\Login\Login.php(2): CodeIgniter\Debug\Exceptions->errorHandler(2, 'include(header.php): failed to open stream: No such file or directory', 'C:\\xampp\\htdocs\\WUS-web\\app\\Views\\Login\\Login.php', 2, [])
 2 APPPATH\Views\Login\Login.php(2): include()
 3 SYSTEMPATH\View\View.php(213): include('C:\\xampp\\htdocs\\WUS-web\\app\\Views\\Login\\Login.php')
 4 SYSTEMPATH\View\View.php(216): CodeIgniter\View\View->CodeIgniter\View\{closure}()
 5 SYSTEMPATH\Common.php(1184): CodeIgniter\View\View->render('Login/Login', [], true)
 6 APPPATH\Controllers\Login.php(11): view('Login/Login')
 7 SYSTEMPATH\CodeIgniter.php(934): App\Controllers\Login->index()
 8 SYSTEMPATH\CodeIgniter.php(499): CodeIgniter\CodeIgniter->runController(Object(App\Controllers\Login))
 9 SYSTEMPATH\CodeIgniter.php(368): CodeIgniter\CodeIgniter->handleRequest(null, Object(Config\Cache), false)
10 FCPATH\index.php(67): CodeIgniter\CodeIgniter->run()
11 SYSTEMPATH\Commands\Server\rewrite.php(47): require_once('C:\\xampp\\htdocs\\WUS-web\\public\\index.php')
CRITICAL - 2023-04-19 11:35:39 --> include(header.php): failed to open stream: No such file or directory
in APPPATH\Views\Login\Login.php on line 2.
 1 APPPATH\Views\Login\Login.php(2): CodeIgniter\Debug\Exceptions->errorHandler(2, 'include(header.php): failed to open stream: No such file or directory', 'C:\\xampp\\htdocs\\WUS-web\\app\\Views\\Login\\Login.php', 2, [])
 2 APPPATH\Views\Login\Login.php(2): include()
 3 SYSTEMPATH\View\View.php(213): include('C:\\xampp\\htdocs\\WUS-web\\app\\Views\\Login\\Login.php')
 4 SYSTEMPATH\View\View.php(216): CodeIgniter\View\View->CodeIgniter\View\{closure}()
 5 SYSTEMPATH\Common.php(1184): CodeIgniter\View\View->render('Login/Login', [], true)
 6 APPPATH\Controllers\Login.php(11): view('Login/Login')
 7 SYSTEMPATH\CodeIgniter.php(934): App\Controllers\Login->index()
 8 SYSTEMPATH\CodeIgniter.php(499): CodeIgniter\CodeIgniter->runController(Object(App\Controllers\Login))
 9 SYSTEMPATH\CodeIgniter.php(368): CodeIgniter\CodeIgniter->handleRequest(null, Object(Config\Cache), false)
10 FCPATH\index.php(67): CodeIgniter\CodeIgniter->run()
11 SYSTEMPATH\Commands\Server\rewrite.php(47): require_once('C:\\xampp\\htdocs\\WUS-web\\public\\index.php')
CRITICAL - 2023-04-19 11:35:48 --> include(header.php): failed to open stream: No such file or directory
in APPPATH\Views\Login\Login.php on line 2.
 1 APPPATH\Views\Login\Login.php(2): CodeIgniter\Debug\Exceptions->errorHandler(2, 'include(header.php): failed to open stream: No such file or directory', 'C:\\xampp\\htdocs\\WUS-web\\app\\Views\\Login\\Login.php', 2, [])
 2 APPPATH\Views\Login\Login.php(2): include()
 3 SYSTEMPATH\View\View.php(213): include('C:\\xampp\\htdocs\\WUS-web\\app\\Views\\Login\\Login.php')
 4 SYSTEMPATH\View\View.php(216): CodeIgniter\View\View->CodeIgniter\View\{closure}()
 5 SYSTEMPATH\Common.php(1184): CodeIgniter\View\View->render('Login/Login', [], true)
 6 APPPATH\Controllers\Login.php(11): view('Login/Login')
 7 SYSTEMPATH\CodeIgniter.php(934): App\Controllers\Login->index()
 8 SYSTEMPATH\CodeIgniter.php(499): CodeIgniter\CodeIgniter->runController(Object(App\Controllers\Login))
 9 SYSTEMPATH\CodeIgniter.php(368): CodeIgniter\CodeIgniter->handleRequest(null, Object(Config\Cache), false)
10 FCPATH\index.php(67): CodeIgniter\CodeIgniter->run()
11 SYSTEMPATH\Commands\Server\rewrite.php(47): require_once('C:\\xampp\\htdocs\\WUS-web\\public\\index.php')
CRITICAL - 2023-04-19 11:36:13 --> include(header.php): failed to open stream: No such file or directory
in APPPATH\Views\Login\Login.php on line 2.
 1 APPPATH\Views\Login\Login.php(2): CodeIgniter\Debug\Exceptions->errorHandler(2, 'include(header.php): failed to open stream: No such file or directory', 'C:\\xampp\\htdocs\\WUS-web\\app\\Views\\Login\\Login.php', 2, [])
 2 APPPATH\Views\Login\Login.php(2): include()
 3 SYSTEMPATH\View\View.php(213): include('C:\\xampp\\htdocs\\WUS-web\\app\\Views\\Login\\Login.php')
 4 SYSTEMPATH\View\View.php(216): CodeIgniter\View\View->CodeIgniter\View\{closure}()
 5 SYSTEMPATH\Common.php(1184): CodeIgniter\View\View->render('Login/Login', [], true)
 6 APPPATH\Controllers\Login.php(11): view('Login/Login')
 7 SYSTEMPATH\CodeIgniter.php(934): App\Controllers\Login->index()
 8 SYSTEMPATH\CodeIgniter.php(499): CodeIgniter\CodeIgniter->runController(Object(App\Controllers\Login))
 9 SYSTEMPATH\CodeIgniter.php(368): CodeIgniter\CodeIgniter->handleRequest(null, Object(Config\Cache), false)
10 FCPATH\index.php(67): CodeIgniter\CodeIgniter->run()
11 SYSTEMPATH\Commands\Server\rewrite.php(47): require_once('C:\\xampp\\htdocs\\WUS-web\\public\\index.php')
CRITICAL - 2023-04-19 11:36:22 --> include(header.php): failed to open stream: No such file or directory
in APPPATH\Views\Login\Login.php on line 2.
 1 APPPATH\Views\Login\Login.php(2): CodeIgniter\Debug\Exceptions->errorHandler(2, 'include(header.php): failed to open stream: No such file or directory', 'C:\\xampp\\htdocs\\WUS-web\\app\\Views\\Login\\Login.php', 2, [])
 2 APPPATH\Views\Login\Login.php(2): include()
 3 SYSTEMPATH\View\View.php(213): include('C:\\xampp\\htdocs\\WUS-web\\app\\Views\\Login\\Login.php')
 4 SYSTEMPATH\View\View.php(216): CodeIgniter\View\View->CodeIgniter\View\{closure}()
 5 SYSTEMPATH\Common.php(1184): CodeIgniter\View\View->render('Login/Login', [], true)
 6 APPPATH\Controllers\Login.php(11): view('Login/Login')
 7 SYSTEMPATH\CodeIgniter.php(934): App\Controllers\Login->index()
 8 SYSTEMPATH\CodeIgniter.php(499): CodeIgniter\CodeIgniter->runController(Object(App\Controllers\Login))
 9 SYSTEMPATH\CodeIgniter.php(368): CodeIgniter\CodeIgniter->handleRequest(null, Object(Config\Cache), false)
10 FCPATH\index.php(67): CodeIgniter\CodeIgniter->run()
11 SYSTEMPATH\Commands\Server\rewrite.php(47): require_once('C:\\xampp\\htdocs\\WUS-web\\public\\index.php')
CRITICAL - 2023-04-19 11:37:20 --> include(header.php): failed to open stream: No such file or directory
in APPPATH\Views\Login\Login.php on line 2.
 1 APPPATH\Views\Login\Login.php(2): CodeIgniter\Debug\Exceptions->errorHandler(2, 'include(header.php): failed to open stream: No such file or directory', 'C:\\xampp\\htdocs\\WUS-web\\app\\Views\\Login\\Login.php', 2, [])
 2 APPPATH\Views\Login\Login.php(2): include()
 3 SYSTEMPATH\View\View.php(213): include('C:\\xampp\\htdocs\\WUS-web\\app\\Views\\Login\\Login.php')
 4 SYSTEMPATH\View\View.php(216): CodeIgniter\View\View->CodeIgniter\View\{closure}()
 5 SYSTEMPATH\Common.php(1184): CodeIgniter\View\View->render('Login/Login', [], true)
 6 APPPATH\Controllers\Login.php(11): view('Login/Login')
 7 SYSTEMPATH\CodeIgniter.php(934): App\Controllers\Login->index()
 8 SYSTEMPATH\CodeIgniter.php(499): CodeIgniter\CodeIgniter->runController(Object(App\Controllers\Login))
 9 SYSTEMPATH\CodeIgniter.php(368): CodeIgniter\CodeIgniter->handleRequest(null, Object(Config\Cache), false)
10 FCPATH\index.php(67): CodeIgniter\CodeIgniter->run()
11 SYSTEMPATH\Commands\Server\rewrite.php(47): require_once('C:\\xampp\\htdocs\\WUS-web\\public\\index.php')
CRITICAL - 2023-04-19 11:37:44 --> include(header.php): failed to open stream: No such file or directory
in APPPATH\Views\Login\Login.php on line 2.
 1 APPPATH\Views\Login\Login.php(2): CodeIgniter\Debug\Exceptions->errorHandler(2, 'include(header.php): failed to open stream: No such file or directory', 'C:\\xampp\\htdocs\\WUS-web\\app\\Views\\Login\\Login.php', 2, [])
 2 APPPATH\Views\Login\Login.php(2): include()
 3 SYSTEMPATH\View\View.php(213): include('C:\\xampp\\htdocs\\WUS-web\\app\\Views\\Login\\Login.php')
 4 SYSTEMPATH\View\View.php(216): CodeIgniter\View\View->CodeIgniter\View\{closure}()
 5 SYSTEMPATH\Common.php(1184): CodeIgniter\View\View->render('Login/Login', [], true)
 6 APPPATH\Controllers\Login.php(11): view('Login/Login')
 7 SYSTEMPATH\CodeIgniter.php(934): App\Controllers\Login->index()
 8 SYSTEMPATH\CodeIgniter.php(499): CodeIgniter\CodeIgniter->runController(Object(App\Controllers\Login))
 9 SYSTEMPATH\CodeIgniter.php(368): CodeIgniter\CodeIgniter->handleRequest(null, Object(Config\Cache), false)
10 FCPATH\index.php(67): CodeIgniter\CodeIgniter->run()
11 SYSTEMPATH\Commands\Server\rewrite.php(47): require_once('C:\\xampp\\htdocs\\WUS-web\\public\\index.php')
CRITICAL - 2023-04-19 11:37:52 --> include(header.php): failed to open stream: No such file or directory
in APPPATH\Views\Login\Login.php on line 2.
 1 APPPATH\Views\Login\Login.php(2): CodeIgniter\Debug\Exceptions->errorHandler(2, 'include(header.php): failed to open stream: No such file or directory', 'C:\\xampp\\htdocs\\WUS-web\\app\\Views\\Login\\Login.php', 2, [])
 2 APPPATH\Views\Login\Login.php(2): include()
 3 SYSTEMPATH\View\View.php(213): include('C:\\xampp\\htdocs\\WUS-web\\app\\Views\\Login\\Login.php')
 4 SYSTEMPATH\View\View.php(216): CodeIgniter\View\View->CodeIgniter\View\{closure}()
 5 SYSTEMPATH\Common.php(1184): CodeIgniter\View\View->render('Login/Login', [], true)
 6 APPPATH\Controllers\Login.php(11): view('Login/Login')
 7 SYSTEMPATH\CodeIgniter.php(934): App\Controllers\Login->index()
 8 SYSTEMPATH\CodeIgniter.php(499): CodeIgniter\CodeIgniter->runController(Object(App\Controllers\Login))
 9 SYSTEMPATH\CodeIgniter.php(368): CodeIgniter\CodeIgniter->handleRequest(null, Object(Config\Cache), false)
10 FCPATH\index.php(67): CodeIgniter\CodeIgniter->run()
11 SYSTEMPATH\Commands\Server\rewrite.php(47): require_once('C:\\xampp\\htdocs\\WUS-web\\public\\index.php')
CRITICAL - 2023-04-19 11:38:27 --> include(../header.php): failed to open stream: No such file or directory
in APPPATH\Views\Login\Login.php on line 2.
 1 APPPATH\Views\Login\Login.php(2): CodeIgniter\Debug\Exceptions->errorHandler(2, 'include(../header.php): failed to open stream: No such file or directory', 'C:\\xampp\\htdocs\\WUS-web\\app\\Views\\Login\\Login.php', 2, [])
 2 APPPATH\Views\Login\Login.php(2): include()
 3 SYSTEMPATH\View\View.php(213): include('C:\\xampp\\htdocs\\WUS-web\\app\\Views\\Login\\Login.php')
 4 SYSTEMPATH\View\View.php(216): CodeIgniter\View\View->CodeIgniter\View\{closure}()
 5 SYSTEMPATH\Common.php(1184): CodeIgniter\View\View->render('Login/Login', [], true)
 6 APPPATH\Controllers\Login.php(11): view('Login/Login')
 7 SYSTEMPATH\CodeIgniter.php(934): App\Controllers\Login->index()
 8 SYSTEMPATH\CodeIgniter.php(499): CodeIgniter\CodeIgniter->runController(Object(App\Controllers\Login))
 9 SYSTEMPATH\CodeIgniter.php(368): CodeIgniter\CodeIgniter->handleRequest(null, Object(Config\Cache), false)
10 FCPATH\index.php(67): CodeIgniter\CodeIgniter->run()
11 SYSTEMPATH\Commands\Server\rewrite.php(47): require_once('C:\\xampp\\htdocs\\WUS-web\\public\\index.php')
CRITICAL - 2023-04-19 11:38:36 --> include(../../header.php): failed to open stream: No such file or directory
in APPPATH\Views\Login\Login.php on line 2.
 1 APPPATH\Views\Login\Login.php(2): CodeIgniter\Debug\Exceptions->errorHandler(2, 'include(../../header.php): failed to open stream: No such file or directory', 'C:\\xampp\\htdocs\\WUS-web\\app\\Views\\Login\\Login.php', 2, [])
 2 APPPATH\Views\Login\Login.php(2): include()
 3 SYSTEMPATH\View\View.php(213): include('C:\\xampp\\htdocs\\WUS-web\\app\\Views\\Login\\Login.php')
 4 SYSTEMPATH\View\View.php(216): CodeIgniter\View\View->CodeIgniter\View\{closure}()
 5 SYSTEMPATH\Common.php(1184): CodeIgniter\View\View->render('Login/Login', [], true)
 6 APPPATH\Controllers\Login.php(11): view('Login/Login')
 7 SYSTEMPATH\CodeIgniter.php(934): App\Controllers\Login->index()
 8 SYSTEMPATH\CodeIgniter.php(499): CodeIgniter\CodeIgniter->runController(Object(App\Controllers\Login))
 9 SYSTEMPATH\CodeIgniter.php(368): CodeIgniter\CodeIgniter->handleRequest(null, Object(Config\Cache), false)
10 FCPATH\index.php(67): CodeIgniter\CodeIgniter->run()
11 SYSTEMPATH\Commands\Server\rewrite.php(47): require_once('C:\\xampp\\htdocs\\WUS-web\\public\\index.php')
CRITICAL - 2023-04-19 11:38:53 --> Use of undefined constant base_url - assumed 'base_url' (this will throw an Error in a future version of PHP)
in APPPATH\Views\Login\Login.php on line 2.
 1 APPPATH\Views\Login\Login.php(2): CodeIgniter\Debug\Exceptions->errorHandler(2, 'Use of undefined constant base_url - assumed \'base_url\' (this will throw an Error in a future version of PHP)', 'C:\\xampp\\htdocs\\WUS-web\\app\\Views\\Login\\Login.php', 2, [])
 2 SYSTEMPATH\View\View.php(213): include('C:\\xampp\\htdocs\\WUS-web\\app\\Views\\Login\\Login.php')
 3 SYSTEMPATH\View\View.php(216): CodeIgniter\View\View->CodeIgniter\View\{closure}()
 4 SYSTEMPATH\Common.php(1184): CodeIgniter\View\View->render('Login/Login', [], true)
 5 APPPATH\Controllers\Login.php(11): view('Login/Login')
 6 SYSTEMPATH\CodeIgniter.php(934): App\Controllers\Login->index()
 7 SYSTEMPATH\CodeIgniter.php(499): CodeIgniter\CodeIgniter->runController(Object(App\Controllers\Login))
 8 SYSTEMPATH\CodeIgniter.php(368): CodeIgniter\CodeIgniter->handleRequest(null, Object(Config\Cache), false)
 9 FCPATH\index.php(67): CodeIgniter\CodeIgniter->run()
10 SYSTEMPATH\Commands\Server\rewrite.php(47): require_once('C:\\xampp\\htdocs\\WUS-web\\public\\index.php')
CRITICAL - 2023-04-19 11:39:09 --> include(): http:// wrapper is disabled in the server configuration by allow_url_include=0
in APPPATH\Views\Login\Login.php on line 2.
 1 APPPATH\Views\Login\Login.php(2): CodeIgniter\Debug\Exceptions->errorHandler(2, 'include(): http:// wrapper is disabled in the server configuration by allow_url_include=0', 'C:\\xampp\\htdocs\\WUS-web\\app\\Views\\Login\\Login.php', 2, [])
 2 APPPATH\Views\Login\Login.php(2): include()
 3 SYSTEMPATH\View\View.php(213): include('C:\\xampp\\htdocs\\WUS-web\\app\\Views\\Login\\Login.php')
 4 SYSTEMPATH\View\View.php(216): CodeIgniter\View\View->CodeIgniter\View\{closure}()
 5 SYSTEMPATH\Common.php(1184): CodeIgniter\View\View->render('Login/Login', [], true)
 6 APPPATH\Controllers\Login.php(11): view('Login/Login')
 7 SYSTEMPATH\CodeIgniter.php(934): App\Controllers\Login->index()
 8 SYSTEMPATH\CodeIgniter.php(499): CodeIgniter\CodeIgniter->runController(Object(App\Controllers\Login))
 9 SYSTEMPATH\CodeIgniter.php(368): CodeIgniter\CodeIgniter->handleRequest(null, Object(Config\Cache), false)
10 FCPATH\index.php(67): CodeIgniter\CodeIgniter->run()
11 SYSTEMPATH\Commands\Server\rewrite.php(47): require_once('C:\\xampp\\htdocs\\WUS-web\\public\\index.php')
CRITICAL - 2023-04-19 11:41:53 --> include(): http:// wrapper is disabled in the server configuration by allow_url_include=0
in APPPATH\Views\Login.php on line 2.
 1 APPPATH\Views\Login.php(2): CodeIgniter\Debug\Exceptions->errorHandler(2, 'include(): http:// wrapper is disabled in the server configuration by allow_url_include=0', 'C:\\xampp\\htdocs\\WUS-web\\app\\Views\\Login.php', 2, [])
 2 APPPATH\Views\Login.php(2): include()
 3 SYSTEMPATH\View\View.php(213): include('C:\\xampp\\htdocs\\WUS-web\\app\\Views\\Login.php')
 4 SYSTEMPATH\View\View.php(216): CodeIgniter\View\View->CodeIgniter\View\{closure}()
 5 SYSTEMPATH\Common.php(1184): CodeIgniter\View\View->render('Login', [], true)
 6 APPPATH\Controllers\Login.php(11): view('Login')
 7 SYSTEMPATH\CodeIgniter.php(934): App\Controllers\Login->index()
 8 SYSTEMPATH\CodeIgniter.php(499): CodeIgniter\CodeIgniter->runController(Object(App\Controllers\Login))
 9 SYSTEMPATH\CodeIgniter.php(368): CodeIgniter\CodeIgniter->handleRequest(null, Object(Config\Cache), false)
10 FCPATH\index.php(67): CodeIgniter\CodeIgniter->run()
11 SYSTEMPATH\Commands\Server\rewrite.php(47): require_once('C:\\xampp\\htdocs\\WUS-web\\public\\index.php')
CRITICAL - 2023-04-19 11:42:30 --> Argument 2 passed to site_url() must be of the type string or null, array given, called in C:\xampp\htdocs\WUS-web\app\Controllers\Login.php on line 46
in SYSTEMPATH\Helpers\url_helper.php on line 116.
 1 APPPATH\Controllers\Login.php(46): site_url('/Login/verifyOTP', [...])
 2 SYSTEMPATH\CodeIgniter.php(934): App\Controllers\Login->GenrateOTP()
 3 SYSTEMPATH\CodeIgniter.php(499): CodeIgniter\CodeIgniter->runController(Object(App\Controllers\Login))
 4 SYSTEMPATH\CodeIgniter.php(368): CodeIgniter\CodeIgniter->handleRequest(null, Object(Config\Cache), false)
 5 FCPATH\index.php(67): CodeIgniter\CodeIgniter->run()
 6 SYSTEMPATH\Commands\Server\rewrite.php(47): require_once('C:\\xampp\\htdocs\\WUS-web\\public\\index.php')
CRITICAL - 2023-04-19 11:43:44 --> syntax error, unexpected '$data' (T_VARIABLE), expecting ')'
in APPPATH\Controllers\Login.php on line 46.
 1 SYSTEMPATH\Autoloader\Autoloader.php(289): CodeIgniter\Autoloader\Autoloader->includeFile('C:\\xampp\\htdocs\\WUS-web\\app\\Controllers\\Login.php')
 2 SYSTEMPATH\Autoloader\Autoloader.php(267): CodeIgniter\Autoloader\Autoloader->loadInNamespace('App\\Controllers\\Login')
 3 [internal function]: CodeIgniter\Autoloader\Autoloader->loadClass('App\\Controllers\\Login')
 4 [internal function]: spl_autoload_call('App\\Controllers\\Login')
 5 SYSTEMPATH\CodeIgniter.php(892): class_exists('\\App\\Controllers\\Login', true)
 6 SYSTEMPATH\CodeIgniter.php(486): CodeIgniter\CodeIgniter->startController()
 7 SYSTEMPATH\CodeIgniter.php(368): CodeIgniter\CodeIgniter->handleRequest(null, Object(Config\Cache), false)
 8 FCPATH\index.php(67): CodeIgniter\CodeIgniter->run()
 9 SYSTEMPATH\Commands\Server\rewrite.php(47): require_once('C:\\xampp\\htdocs\\WUS-web\\public\\index.php')
CRITICAL - 2023-04-19 11:44:08 --> Argument 2 passed to CodeIgniter\HTTP\Response::redirect() must be of the type string, array given, called in C:\xampp\htdocs\WUS-web\app\Controllers\Login.php on line 46
in SYSTEMPATH\HTTP\ResponseTrait.php on line 506.
 1 APPPATH\Controllers\Login.php(46): CodeIgniter\HTTP\Response->redirect('http://localhost:8080/Login/verifyOTP', [...])
 2 SYSTEMPATH\CodeIgniter.php(934): App\Controllers\Login->GenrateOTP()
 3 SYSTEMPATH\CodeIgniter.php(499): CodeIgniter\CodeIgniter->runController(Object(App\Controllers\Login))
 4 SYSTEMPATH\CodeIgniter.php(368): CodeIgniter\CodeIgniter->handleRequest(null, Object(Config\Cache), false)
 5 FCPATH\index.php(67): CodeIgniter\CodeIgniter->run()
 6 SYSTEMPATH\Commands\Server\rewrite.php(47): require_once('C:\\xampp\\htdocs\\WUS-web\\public\\index.php')
CRITICAL - 2023-04-19 11:49:46 --> syntax error, unexpected 'echo' (T_ECHO)
in APPPATH\Views\verifyOTP.php on line 47.
 1 SYSTEMPATH\View\View.php(216): CodeIgniter\View\View->CodeIgniter\View\{closure}()
 2 SYSTEMPATH\Common.php(1184): CodeIgniter\View\View->render('verifyOTP', [], true)
 3 APPPATH\Controllers\Login.php(15): view('verifyOTP')
 4 SYSTEMPATH\CodeIgniter.php(934): App\Controllers\Login->verifyOTP()
 5 SYSTEMPATH\CodeIgniter.php(499): CodeIgniter\CodeIgniter->runController(Object(App\Controllers\Login))
 6 SYSTEMPATH\CodeIgniter.php(368): CodeIgniter\CodeIgniter->handleRequest(null, Object(Config\Cache), false)
 7 FCPATH\index.php(67): CodeIgniter\CodeIgniter->run()
 8 SYSTEMPATH\Commands\Server\rewrite.php(47): require_once('C:\\xampp\\htdocs\\WUS-web\\public\\index.php')
CRITICAL - 2023-04-19 12:11:21 --> syntax error, unexpected '->' (T_OBJECT_OPERATOR)
in APPPATH\Controllers\Login.php on line 66.
 1 SYSTEMPATH\Autoloader\Autoloader.php(289): CodeIgniter\Autoloader\Autoloader->includeFile('C:\\xampp\\htdocs\\WUS-web\\app\\Controllers\\Login.php')
 2 SYSTEMPATH\Autoloader\Autoloader.php(267): CodeIgniter\Autoloader\Autoloader->loadInNamespace('App\\Controllers\\Login')
 3 [internal function]: CodeIgniter\Autoloader\Autoloader->loadClass('App\\Controllers\\Login')
 4 [internal function]: spl_autoload_call('App\\Controllers\\Login')
 5 SYSTEMPATH\CodeIgniter.php(892): class_exists('\\App\\Controllers\\Login', true)
 6 SYSTEMPATH\CodeIgniter.php(486): CodeIgniter\CodeIgniter->startController()
 7 SYSTEMPATH\CodeIgniter.php(368): CodeIgniter\CodeIgniter->handleRequest(null, Object(Config\Cache), false)
 8 FCPATH\index.php(67): CodeIgniter\CodeIgniter->run()
 9 SYSTEMPATH\Commands\Server\rewrite.php(47): require_once('C:\\xampp\\htdocs\\WUS-web\\public\\index.php')
CRITICAL - 2023-04-19 12:12:15 --> syntax error, unexpected '"APIKey"' (T_CONSTANT_ENCAPSED_STRING), expecting ']'
in APPPATH\Controllers\Login.php on line 95.
 1 SYSTEMPATH\Autoloader\Autoloader.php(289): CodeIgniter\Autoloader\Autoloader->includeFile('C:\\xampp\\htdocs\\WUS-web\\app\\Controllers\\Login.php')
 2 SYSTEMPATH\Autoloader\Autoloader.php(267): CodeIgniter\Autoloader\Autoloader->loadInNamespace('App\\Controllers\\Login')
 3 [internal function]: CodeIgniter\Autoloader\Autoloader->loadClass('App\\Controllers\\Login')
 4 [internal function]: spl_autoload_call('App\\Controllers\\Login')
 5 SYSTEMPATH\CodeIgniter.php(892): class_exists('\\App\\Controllers\\Login', true)
 6 SYSTEMPATH\CodeIgniter.php(486): CodeIgniter\CodeIgniter->startController()
 7 SYSTEMPATH\CodeIgniter.php(368): CodeIgniter\CodeIgniter->handleRequest(null, Object(Config\Cache), false)
 8 FCPATH\index.php(67): CodeIgniter\CodeIgniter->run()
 9 SYSTEMPATH\Commands\Server\rewrite.php(47): require_once('C:\\xampp\\htdocs\\WUS-web\\public\\index.php')
CRITICAL - 2023-04-19 12:13:25 --> 22 : The requested URL returned error: 400 
in SYSTEMPATH\HTTP\CURLRequest.php on line 666.
 1 SYSTEMPATH\HTTP\CURLRequest.php(666): CodeIgniter\HTTP\Exceptions\HTTPException::forCurlError('22', 'The requested URL returned error: 400 ')
 2 SYSTEMPATH\HTTP\CURLRequest.php(372): CodeIgniter\HTTP\CURLRequest->sendRequest([...])
 3 SYSTEMPATH\HTTP\CURLRequest.php(134): CodeIgniter\HTTP\CURLRequest->send('post', 'https://localhost:44336/api/Login/SignIn')
 4 SYSTEMPATH\HTTP\CURLRequest.php(207): CodeIgniter\HTTP\CURLRequest->request('post', 'https://localhost:44336/api/Login/SignIn', [...])
 5 APPPATH\Controllers\Login.php(90): CodeIgniter\HTTP\CURLRequest->post('/api/Login/SignIn', [...])
 6 SYSTEMPATH\CodeIgniter.php(934): App\Controllers\Login->CheckOTP()
 7 SYSTEMPATH\CodeIgniter.php(499): CodeIgniter\CodeIgniter->runController(Object(App\Controllers\Login))
 8 SYSTEMPATH\CodeIgniter.php(368): CodeIgniter\CodeIgniter->handleRequest(null, Object(Config\Cache), false)
 9 FCPATH\index.php(67): CodeIgniter\CodeIgniter->run()
10 SYSTEMPATH\Commands\Server\rewrite.php(47): require_once('C:\\xampp\\htdocs\\WUS-web\\public\\index.php')
CRITICAL - 2023-04-19 12:14:12 --> 22 : The requested URL returned error: 404 
in SYSTEMPATH\HTTP\CURLRequest.php on line 666.
 1 SYSTEMPATH\HTTP\CURLRequest.php(666): CodeIgniter\HTTP\Exceptions\HTTPException::forCurlError('22', 'The requested URL returned error: 404 ')
 2 SYSTEMPATH\HTTP\CURLRequest.php(372): CodeIgniter\HTTP\CURLRequest->sendRequest([...])
 3 SYSTEMPATH\HTTP\CURLRequest.php(134): CodeIgniter\HTTP\CURLRequest->send('post', 'https://localhost:44336/api/Login/VerifyOTPWeb')
 4 SYSTEMPATH\HTTP\CURLRequest.php(207): CodeIgniter\HTTP\CURLRequest->request('post', 'https://localhost:44336/api/Login/VerifyOTPWeb', [...])
 5 APPPATH\Controllers\Login.php(71): CodeIgniter\HTTP\CURLRequest->post('/api/Login/VerifyOTPWeb', [...])
 6 SYSTEMPATH\CodeIgniter.php(934): App\Controllers\Login->CheckOTP()
 7 SYSTEMPATH\CodeIgniter.php(499): CodeIgniter\CodeIgniter->runController(Object(App\Controllers\Login))
 8 SYSTEMPATH\CodeIgniter.php(368): CodeIgniter\CodeIgniter->handleRequest(null, Object(Config\Cache), false)
 9 FCPATH\index.php(67): CodeIgniter\CodeIgniter->run()
10 SYSTEMPATH\Commands\Server\rewrite.php(47): require_once('C:\\xampp\\htdocs\\WUS-web\\public\\index.php')
CRITICAL - 2023-04-19 12:14:55 --> 22 : The requested URL returned error: 404 
in SYSTEMPATH\HTTP\CURLRequest.php on line 666.
 1 SYSTEMPATH\HTTP\CURLRequest.php(666): CodeIgniter\HTTP\Exceptions\HTTPException::forCurlError('22', 'The requested URL returned error: 404 ')
 2 SYSTEMPATH\HTTP\CURLRequest.php(372): CodeIgniter\HTTP\CURLRequest->sendRequest([...])
 3 SYSTEMPATH\HTTP\CURLRequest.php(134): CodeIgniter\HTTP\CURLRequest->send('post', 'https://localhost:44336/api/Login/VerifyOTPWeb')
 4 SYSTEMPATH\HTTP\CURLRequest.php(207): CodeIgniter\HTTP\CURLRequest->request('post', 'https://localhost:44336/api/Login/VerifyOTPWeb', [...])
 5 APPPATH\Controllers\Login.php(71): CodeIgniter\HTTP\CURLRequest->post('/api/Login/VerifyOTPWeb', [...])
 6 SYSTEMPATH\CodeIgniter.php(934): App\Controllers\Login->CheckOTP()
 7 SYSTEMPATH\CodeIgniter.php(499): CodeIgniter\CodeIgniter->runController(Object(App\Controllers\Login))
 8 SYSTEMPATH\CodeIgniter.php(368): CodeIgniter\CodeIgniter->handleRequest(null, Object(Config\Cache), false)
 9 FCPATH\index.php(67): CodeIgniter\CodeIgniter->run()
10 SYSTEMPATH\Commands\Server\rewrite.php(47): require_once('C:\\xampp\\htdocs\\WUS-web\\public\\index.php')
CRITICAL - 2023-04-19 12:16:01 --> 22 : The requested URL returned error: 404 
in SYSTEMPATH\HTTP\CURLRequest.php on line 666.
 1 SYSTEMPATH\HTTP\CURLRequest.php(666): CodeIgniter\HTTP\Exceptions\HTTPException::forCurlError('22', 'The requested URL returned error: 404 ')
 2 SYSTEMPATH\HTTP\CURLRequest.php(372): CodeIgniter\HTTP\CURLRequest->sendRequest([...])
 3 SYSTEMPATH\HTTP\CURLRequest.php(134): CodeIgniter\HTTP\CURLRequest->send('post', 'https://localhost:44336/api/Login/VerifyOTPWeb')
 4 SYSTEMPATH\HTTP\CURLRequest.php(207): CodeIgniter\HTTP\CURLRequest->request('post', 'https://localhost:44336/api/Login/VerifyOTPWeb', [...])
 5 APPPATH\Controllers\Login.php(71): CodeIgniter\HTTP\CURLRequest->post('/api/Login/VerifyOTPWeb', [...])
 6 SYSTEMPATH\CodeIgniter.php(934): App\Controllers\Login->CheckOTP()
 7 SYSTEMPATH\CodeIgniter.php(499): CodeIgniter\CodeIgniter->runController(Object(App\Controllers\Login))
 8 SYSTEMPATH\CodeIgniter.php(368): CodeIgniter\CodeIgniter->handleRequest(null, Object(Config\Cache), false)
 9 FCPATH\index.php(67): CodeIgniter\CodeIgniter->run()
10 SYSTEMPATH\Commands\Server\rewrite.php(47): require_once('C:\\xampp\\htdocs\\WUS-web\\public\\index.php')
CRITICAL - 2023-04-19 12:17:07 --> 22 : The requested URL returned error: 404 
in SYSTEMPATH\HTTP\CURLRequest.php on line 666.
 1 SYSTEMPATH\HTTP\CURLRequest.php(666): CodeIgniter\HTTP\Exceptions\HTTPException::forCurlError('22', 'The requested URL returned error: 404 ')
 2 SYSTEMPATH\HTTP\CURLRequest.php(372): CodeIgniter\HTTP\CURLRequest->sendRequest([...])
 3 SYSTEMPATH\HTTP\CURLRequest.php(134): CodeIgniter\HTTP\CURLRequest->send('post', 'https://localhost:44336/api/Login/VerifyOTPWeb')
 4 SYSTEMPATH\HTTP\CURLRequest.php(207): CodeIgniter\HTTP\CURLRequest->request('post', 'https://localhost:44336/api/Login/VerifyOTPWeb', [...])
 5 APPPATH\Controllers\Login.php(72): CodeIgniter\HTTP\CURLRequest->post('/api/Login/VerifyOTPWeb', [...])
 6 SYSTEMPATH\CodeIgniter.php(934): App\Controllers\Login->CheckOTP()
 7 SYSTEMPATH\CodeIgniter.php(499): CodeIgniter\CodeIgniter->runController(Object(App\Controllers\Login))
 8 SYSTEMPATH\CodeIgniter.php(368): CodeIgniter\CodeIgniter->handleRequest(null, Object(Config\Cache), false)
 9 FCPATH\index.php(67): CodeIgniter\CodeIgniter->run()
10 SYSTEMPATH\Commands\Server\rewrite.php(47): require_once('C:\\xampp\\htdocs\\WUS-web\\public\\index.php')
CRITICAL - 2023-04-19 12:18:40 --> 22 : The requested URL returned error: 404 
in SYSTEMPATH\HTTP\CURLRequest.php on line 666.
 1 SYSTEMPATH\HTTP\CURLRequest.php(666): CodeIgniter\HTTP\Exceptions\HTTPException::forCurlError('22', 'The requested URL returned error: 404 ')
 2 SYSTEMPATH\HTTP\CURLRequest.php(372): CodeIgniter\HTTP\CURLRequest->sendRequest([...])
 3 SYSTEMPATH\HTTP\CURLRequest.php(134): CodeIgniter\HTTP\CURLRequest->send('post', 'https://localhost:44336/api/Login/VerifyOTPWeb')
 4 SYSTEMPATH\HTTP\CURLRequest.php(207): CodeIgniter\HTTP\CURLRequest->request('post', 'https://localhost:44336/api/Login/VerifyOTPWeb', [...])
 5 APPPATH\Controllers\Login.php(73): CodeIgniter\HTTP\CURLRequest->post('/api/Login/VerifyOTPWeb', [...])
 6 SYSTEMPATH\CodeIgniter.php(934): App\Controllers\Login->CheckOTP()
 7 SYSTEMPATH\CodeIgniter.php(499): CodeIgniter\CodeIgniter->runController(Object(App\Controllers\Login))
 8 SYSTEMPATH\CodeIgniter.php(368): CodeIgniter\CodeIgniter->handleRequest(null, Object(Config\Cache), false)
 9 FCPATH\index.php(67): CodeIgniter\CodeIgniter->run()
10 SYSTEMPATH\Commands\Server\rewrite.php(47): require_once('C:\\xampp\\htdocs\\WUS-web\\public\\index.php')
CRITICAL - 2023-04-19 12:18:51 --> 22 : The requested URL returned error: 404 
in SYSTEMPATH\HTTP\CURLRequest.php on line 666.
 1 SYSTEMPATH\HTTP\CURLRequest.php(666): CodeIgniter\HTTP\Exceptions\HTTPException::forCurlError('22', 'The requested URL returned error: 404 ')
 2 SYSTEMPATH\HTTP\CURLRequest.php(372): CodeIgniter\HTTP\CURLRequest->sendRequest([...])
 3 SYSTEMPATH\HTTP\CURLRequest.php(134): CodeIgniter\HTTP\CURLRequest->send('post', 'https://localhost:44336/api/Login/VerifyOTPWeb')
 4 SYSTEMPATH\HTTP\CURLRequest.php(207): CodeIgniter\HTTP\CURLRequest->request('post', 'https://localhost:44336/api/Login/VerifyOTPWeb', [...])
 5 APPPATH\Controllers\Login.php(73): CodeIgniter\HTTP\CURLRequest->post('/api/Login/VerifyOTPWeb', [...])
 6 SYSTEMPATH\CodeIgniter.php(934): App\Controllers\Login->CheckOTP()
 7 SYSTEMPATH\CodeIgniter.php(499): CodeIgniter\CodeIgniter->runController(Object(App\Controllers\Login))
 8 SYSTEMPATH\CodeIgniter.php(368): CodeIgniter\CodeIgniter->handleRequest(null, Object(Config\Cache), false)
 9 FCPATH\index.php(67): CodeIgniter\CodeIgniter->run()
10 SYSTEMPATH\Commands\Server\rewrite.php(47): require_once('C:\\xampp\\htdocs\\WUS-web\\public\\index.php')
CRITICAL - 2023-04-19 12:19:06 --> 22 : The requested URL returned error: 404 
in SYSTEMPATH\HTTP\CURLRequest.php on line 666.
 1 SYSTEMPATH\HTTP\CURLRequest.php(666): CodeIgniter\HTTP\Exceptions\HTTPException::forCurlError('22', 'The requested URL returned error: 404 ')
 2 SYSTEMPATH\HTTP\CURLRequest.php(372): CodeIgniter\HTTP\CURLRequest->sendRequest([...])
 3 SYSTEMPATH\HTTP\CURLRequest.php(134): CodeIgniter\HTTP\CURLRequest->send('post', 'https://localhost:44336/api/Login/VerifyOTPWeb')
 4 SYSTEMPATH\HTTP\CURLRequest.php(207): CodeIgniter\HTTP\CURLRequest->request('post', 'https://localhost:44336/api/Login/VerifyOTPWeb', [...])
 5 APPPATH\Controllers\Login.php(73): CodeIgniter\HTTP\CURLRequest->post('/api/Login/VerifyOTPWeb', [...])
 6 SYSTEMPATH\CodeIgniter.php(934): App\Controllers\Login->CheckOTP()
 7 SYSTEMPATH\CodeIgniter.php(499): CodeIgniter\CodeIgniter->runController(Object(App\Controllers\Login))
 8 SYSTEMPATH\CodeIgniter.php(368): CodeIgniter\CodeIgniter->handleRequest(null, Object(Config\Cache), false)
 9 FCPATH\index.php(67): CodeIgniter\CodeIgniter->run()
10 SYSTEMPATH\Commands\Server\rewrite.php(47): require_once('C:\\xampp\\htdocs\\WUS-web\\public\\index.php')
