CRITICAL - 2023-04-24 05:13:27 --> Call to a member function getError() on null
in APPPATH\Views\login\Login.php on line 31.
 1 SYSTEMPATH\View\View.php(213): include()
 2 SYSTEMPATH\View\View.php(216): CodeIgniter\View\View->CodeIgniter\View\{closure}()
 3 SYSTEMPATH\Common.php(1184): CodeIgniter\View\View->render('login/Login', [], true)
 4 APPPATH\Controllers\Login.php(21): view('login/Login')
 5 SYSTEMPATH\CodeIgniter.php(934): App\Controllers\Login->index()
 6 SYSTEMPATH\CodeIgniter.php(499): CodeIgniter\CodeIgniter->runController(Object(App\Controllers\Login))
 7 SYSTEMPATH\CodeIgniter.php(368): CodeIgniter\CodeIgniter->handleRequest(null, Object(Config\Cache), false)
 8 FCPATH\index.php(67): CodeIgniter\CodeIgniter->run()
 9 SYSTEMPATH\Commands\Server\rewrite.php(47): require_once('C:\\xampp\\htdocs\\WUS-web\\public\\index.php')
CRITICAL - 2023-04-24 06:49:39 --> Invalid file: "playstore.php"
in SYSTEMPATH\Exceptions\FrameworkException.php on line 33.
 1 SYSTEMPATH\View\View.php(201): CodeIgniter\Exceptions\FrameworkException::forInvalidFile('playstore.php')
 2 SYSTEMPATH\Common.php(1184): CodeIgniter\View\View->render('playstore.php', [], true)
 3 APPPATH\Views\static\about.php(93): view('playstore.php')
 4 SYSTEMPATH\View\View.php(213): include('C:\\xampp\\htdocs\\WUS-web\\app\\Views\\static\\about.php')
 5 SYSTEMPATH\View\View.php(216): CodeIgniter\View\View->CodeIgniter\View\{closure}()
 6 SYSTEMPATH\Common.php(1184): CodeIgniter\View\View->render('static/about', [], true)
 7 APPPATH\Controllers\Home.php(30): view('static/about')
 8 SYSTEMPATH\CodeIgniter.php(934): App\Controllers\Home->about()
 9 SYSTEMPATH\CodeIgniter.php(499): CodeIgniter\CodeIgniter->runController(Object(App\Controllers\Home))
10 SYSTEMPATH\CodeIgniter.php(368): CodeIgniter\CodeIgniter->handleRequest(null, Object(Config\Cache), false)
11 FCPATH\index.php(67): CodeIgniter\CodeIgniter->run()
12 SYSTEMPATH\Commands\Server\rewrite.php(47): require_once('C:\\xampp\\htdocs\\WUS-web\\public\\index.php')
CRITICAL - 2023-04-24 06:50:05 --> Invalid file: "footer.php"
in SYSTEMPATH\Exceptions\FrameworkException.php on line 33.
 1 SYSTEMPATH\View\View.php(201): CodeIgniter\Exceptions\FrameworkException::forInvalidFile('footer.php')
 2 SYSTEMPATH\Common.php(1184): CodeIgniter\View\View->render('footer.php', [], true)
 3 APPPATH\Views\static\about.php(119): view('footer.php')
 4 SYSTEMPATH\View\View.php(213): include('C:\\xampp\\htdocs\\WUS-web\\app\\Views\\static\\about.php')
 5 SYSTEMPATH\View\View.php(216): CodeIgniter\View\View->CodeIgniter\View\{closure}()
 6 SYSTEMPATH\Common.php(1184): CodeIgniter\View\View->render('static/about', [], true)
 7 APPPATH\Controllers\Home.php(30): view('static/about')
 8 SYSTEMPATH\CodeIgniter.php(934): App\Controllers\Home->about()
 9 SYSTEMPATH\CodeIgniter.php(499): CodeIgniter\CodeIgniter->runController(Object(App\Controllers\Home))
10 SYSTEMPATH\CodeIgniter.php(368): CodeIgniter\CodeIgniter->handleRequest(null, Object(Config\Cache), false)
11 FCPATH\index.php(67): CodeIgniter\CodeIgniter->run()
12 SYSTEMPATH\Commands\Server\rewrite.php(47): require_once('C:\\xampp\\htdocs\\WUS-web\\public\\index.php')
CRITICAL - 2023-04-24 12:04:48 --> Invalid file: "comman/[playstore/php.php"
in SYSTEMPATH\Exceptions\FrameworkException.php on line 33.
 1 SYSTEMPATH\View\View.php(201): CodeIgniter\Exceptions\FrameworkException::forInvalidFile('comman/[playstore/php.php')
 2 SYSTEMPATH\Common.php(1184): CodeIgniter\View\View->render('comman/[playstore/php', [], true)
 3 APPPATH\Views\static\library.php(45): view('comman/[playstore/php')
 4 SYSTEMPATH\View\View.php(213): include('C:\\xampp\\htdocs\\WUS-web\\app\\Views\\static\\library.php')
 5 SYSTEMPATH\View\View.php(216): CodeIgniter\View\View->CodeIgniter\View\{closure}()
 6 SYSTEMPATH\Common.php(1184): CodeIgniter\View\View->render('static/library', [], true)
 7 APPPATH\Controllers\Home.php(100): view('static/library')
 8 SYSTEMPATH\CodeIgniter.php(934): App\Controllers\Home->library()
 9 SYSTEMPATH\CodeIgniter.php(499): CodeIgniter\CodeIgniter->runController(Object(App\Controllers\Home))
10 SYSTEMPATH\CodeIgniter.php(368): CodeIgniter\CodeIgniter->handleRequest(null, Object(Config\Cache), false)
11 FCPATH\index.php(67): CodeIgniter\CodeIgniter->run()
12 SYSTEMPATH\Commands\Server\rewrite.php(47): require_once('C:\\xampp\\htdocs\\WUS-web\\public\\index.php')
CRITICAL - 2023-04-24 13:38:03 --> 22 : The requested URL returned error: 500 
in SYSTEMPATH\HTTP\CURLRequest.php on line 666.
 1 SYSTEMPATH\HTTP\CURLRequest.php(666): CodeIgniter\HTTP\Exceptions\HTTPException::forCurlError('22', 'The requested URL returned error: 500 ')
 2 SYSTEMPATH\HTTP\CURLRequest.php(372): CodeIgniter\HTTP\CURLRequest->sendRequest([...])
 3 SYSTEMPATH\HTTP\CURLRequest.php(134): CodeIgniter\HTTP\CURLRequest->send('post', 'https://dev.workerunionsupport.com/api/Login/GenrateOTPWeb')
 4 SYSTEMPATH\HTTP\CURLRequest.php(207): CodeIgniter\HTTP\CURLRequest->request('post', 'https://dev.workerunionsupport.com/api/Login/GenrateOTPWeb', [...])
 5 APPPATH\Controllers\Login.php(57): CodeIgniter\HTTP\CURLRequest->post('/api/Login/GenrateOTPWeb', [...])
 6 SYSTEMPATH\CodeIgniter.php(934): App\Controllers\Login->GenrateOTP()
 7 SYSTEMPATH\CodeIgniter.php(499): CodeIgniter\CodeIgniter->runController(Object(App\Controllers\Login))
 8 SYSTEMPATH\CodeIgniter.php(368): CodeIgniter\CodeIgniter->handleRequest(null, Object(Config\Cache), false)
 9 FCPATH\index.php(67): CodeIgniter\CodeIgniter->run()
10 SYSTEMPATH\Commands\Server\rewrite.php(47): require_once('C:\\xampp\\htdocs\\WUS-web\\public\\index.php')
CRITICAL - 2023-04-24 14:12:50 --> 22 : The requested URL returned error: 500 
in SYSTEMPATH\HTTP\CURLRequest.php on line 666.
 1 SYSTEMPATH\HTTP\CURLRequest.php(666): CodeIgniter\HTTP\Exceptions\HTTPException::forCurlError('22', 'The requested URL returned error: 500 ')
 2 SYSTEMPATH\HTTP\CURLRequest.php(372): CodeIgniter\HTTP\CURLRequest->sendRequest([...])
 3 SYSTEMPATH\HTTP\CURLRequest.php(134): CodeIgniter\HTTP\CURLRequest->send('post', 'https://dev.workerunionsupport.com/api/Login/GenrateOTPWeb')
 4 SYSTEMPATH\HTTP\CURLRequest.php(207): CodeIgniter\HTTP\CURLRequest->request('post', 'https://dev.workerunionsupport.com/api/Login/GenrateOTPWeb', [...])
 5 APPPATH\Controllers\Login.php(58): CodeIgniter\HTTP\CURLRequest->post('/api/Login/GenrateOTPWeb', [...])
 6 SYSTEMPATH\CodeIgniter.php(934): App\Controllers\Login->GenrateOTP()
 7 SYSTEMPATH\CodeIgniter.php(499): CodeIgniter\CodeIgniter->runController(Object(App\Controllers\Login))
 8 SYSTEMPATH\CodeIgniter.php(368): CodeIgniter\CodeIgniter->handleRequest(null, Object(Config\Cache), false)
 9 FCPATH\index.php(67): CodeIgniter\CodeIgniter->run()
10 SYSTEMPATH\Commands\Server\rewrite.php(47): require_once('C:\\xampp\\htdocs\\WUS-web\\public\\index.php')
