CRITICAL - 2023-04-20 05:19:01 --> Function name must be a string
in APPPATH\Views\topbar.php on line 51.
 1 APPPATH\Views\index.php(3): include()
 2 SYSTEMPATH\View\View.php(213): include('C:\\xampp\\htdocs\\WUS-web\\app\\Views\\index.php')
 3 SYSTEMPATH\View\View.php(216): CodeIgniter\View\View->CodeIgniter\View\{closure}()
 4 SYSTEMPATH\Common.php(1184): CodeIgniter\View\View->render('index', [], true)
 5 APPPATH\Controllers\Home.php(20): view('index')
 6 SYSTEMPATH\CodeIgniter.php(934): App\Controllers\Home->index()
 7 SYSTEMPATH\CodeIgniter.php(499): CodeIgniter\CodeIgniter->runController(Object(App\Controllers\Home))
 8 SYSTEMPATH\CodeIgniter.php(368): CodeIgniter\CodeIgniter->handleRequest(null, Object(Config\Cache), false)
 9 FCPATH\index.php(67): CodeIgniter\CodeIgniter->run()
10 SYSTEMPATH\Commands\Server\rewrite.php(47): require_once('C:\\xampp\\htdocs\\WUS-web\\public\\index.php')
CRITICAL - 2023-04-20 05:21:19 --> Call to a member function get() on null
in APPPATH\Controllers\Login.php on line 18.
 1 SYSTEMPATH\CodeIgniter.php(934): App\Controllers\Login->index()
 2 SYSTEMPATH\CodeIgniter.php(499): CodeIgniter\CodeIgniter->runController(Object(App\Controllers\Login))
 3 SYSTEMPATH\CodeIgniter.php(368): CodeIgniter\CodeIgniter->handleRequest(null, Object(Config\Cache), false)
 4 FCPATH\index.php(67): CodeIgniter\CodeIgniter->run()
 5 SYSTEMPATH\Commands\Server\rewrite.php(47): require_once('C:\\xampp\\htdocs\\WUS-web\\public\\index.php')
CRITICAL - 2023-04-20 06:47:24 --> Call to a member function post() on null
in APPPATH\Controllers\Home.php on line 115.
 1 SYSTEMPATH\CodeIgniter.php(934): App\Controllers\Home->jobApplication()
 2 SYSTEMPATH\CodeIgniter.php(499): CodeIgniter\CodeIgniter->runController(Object(App\Controllers\Home))
 3 SYSTEMPATH\CodeIgniter.php(368): CodeIgniter\CodeIgniter->handleRequest(null, Object(Config\Cache), false)
 4 FCPATH\index.php(67): CodeIgniter\CodeIgniter->run()
 5 SYSTEMPATH\Commands\Server\rewrite.php(47): require_once('C:\\xampp\\htdocs\\WUS-web\\public\\index.php')
CRITICAL - 2023-04-20 06:47:59 --> Invalid file: "static/CyberSkillProgram.php"
in SYSTEMPATH\Exceptions\FrameworkException.php on line 33.
 1 SYSTEMPATH\View\View.php(201): CodeIgniter\Exceptions\FrameworkException::forInvalidFile('static/CyberSkillProgram.php')
 2 SYSTEMPATH\Common.php(1184): CodeIgniter\View\View->render('static/CyberSkillProgram', [], true)
 3 APPPATH\Controllers\Home.php(48): view('static/CyberSkillProgram')
 4 SYSTEMPATH\CodeIgniter.php(934): App\Controllers\Home->CyberSkillProgram()
 5 SYSTEMPATH\CodeIgniter.php(499): CodeIgniter\CodeIgniter->runController(Object(App\Controllers\Home))
 6 SYSTEMPATH\CodeIgniter.php(368): CodeIgniter\CodeIgniter->handleRequest(null, Object(Config\Cache), false)
 7 FCPATH\index.php(67): CodeIgniter\CodeIgniter->run()
 8 SYSTEMPATH\Commands\Server\rewrite.php(47): require_once('C:\\xampp\\htdocs\\WUS-web\\public\\index.php')
CRITICAL - 2023-04-20 06:53:24 --> Call to a member function post() on null
in APPPATH\Controllers\Home.php on line 115.
 1 SYSTEMPATH\CodeIgniter.php(934): App\Controllers\Home->jobApplication()
 2 SYSTEMPATH\CodeIgniter.php(499): CodeIgniter\CodeIgniter->runController(Object(App\Controllers\Home))
 3 SYSTEMPATH\CodeIgniter.php(368): CodeIgniter\CodeIgniter->handleRequest(null, Object(Config\Cache), false)
 4 FCPATH\index.php(67): CodeIgniter\CodeIgniter->run()
 5 SYSTEMPATH\Commands\Server\rewrite.php(47): require_once('C:\\xampp\\htdocs\\WUS-web\\public\\index.php')
CRITICAL - 2023-04-20 07:02:30 --> syntax error, unexpected '<', expecting end of file
in APPPATH\Views\comman\topbar.php on line 52.
 1 SYSTEMPATH\View\View.php(216): CodeIgniter\View\View->CodeIgniter\View\{closure}()
 2 SYSTEMPATH\Common.php(1184): CodeIgniter\View\View->render('comman/topbar.php', [], true)
 3 APPPATH\Views\login\Login.php(3): view('comman/topbar.php')
 4 SYSTEMPATH\View\View.php(213): include('C:\\xampp\\htdocs\\WUS-web\\app\\Views\\login\\Login.php')
 5 SYSTEMPATH\View\View.php(216): CodeIgniter\View\View->CodeIgniter\View\{closure}()
 6 SYSTEMPATH\Common.php(1184): CodeIgniter\View\View->render('login/Login', [], true)
 7 APPPATH\Controllers\Login.php(19): view('login/Login')
 8 SYSTEMPATH\CodeIgniter.php(934): App\Controllers\Login->index()
 9 SYSTEMPATH\CodeIgniter.php(499): CodeIgniter\CodeIgniter->runController(Object(App\Controllers\Login))
10 SYSTEMPATH\CodeIgniter.php(368): CodeIgniter\CodeIgniter->handleRequest(null, Object(Config\Cache), false)
11 FCPATH\index.php(67): CodeIgniter\CodeIgniter->run()
12 SYSTEMPATH\Commands\Server\rewrite.php(47): require_once('C:\\xampp\\htdocs\\WUS-web\\public\\index.php')
CRITICAL - 2023-04-20 07:03:28 --> Call to a member function setFlashdata() on null
in APPPATH\Controllers\Login.php on line 57.
 1 SYSTEMPATH\CodeIgniter.php(934): App\Controllers\Login->GenrateOTP()
 2 SYSTEMPATH\CodeIgniter.php(499): CodeIgniter\CodeIgniter->runController(Object(App\Controllers\Login))
 3 SYSTEMPATH\CodeIgniter.php(368): CodeIgniter\CodeIgniter->handleRequest(null, Object(Config\Cache), false)
 4 FCPATH\index.php(67): CodeIgniter\CodeIgniter->run()
 5 SYSTEMPATH\Commands\Server\rewrite.php(47): require_once('C:\\xampp\\htdocs\\WUS-web\\public\\index.php')
CRITICAL - 2023-04-20 07:06:03 --> Call to a member function setFlashdata() on null
in APPPATH\Controllers\Login.php on line 58.
 1 SYSTEMPATH\CodeIgniter.php(934): App\Controllers\Login->GenrateOTP()
 2 SYSTEMPATH\CodeIgniter.php(499): CodeIgniter\CodeIgniter->runController(Object(App\Controllers\Login))
 3 SYSTEMPATH\CodeIgniter.php(368): CodeIgniter\CodeIgniter->handleRequest(null, Object(Config\Cache), false)
 4 FCPATH\index.php(67): CodeIgniter\CodeIgniter->run()
 5 SYSTEMPATH\Commands\Server\rewrite.php(47): require_once('C:\\xampp\\htdocs\\WUS-web\\public\\index.php')
CRITICAL - 2023-04-20 07:07:28 --> Call to a member function setFlashdata() on null
in APPPATH\Controllers\Login.php on line 103.
 1 SYSTEMPATH\CodeIgniter.php(934): App\Controllers\Login->CheckOTP()
 2 SYSTEMPATH\CodeIgniter.php(499): CodeIgniter\CodeIgniter->runController(Object(App\Controllers\Login))
 3 SYSTEMPATH\CodeIgniter.php(368): CodeIgniter\CodeIgniter->handleRequest(null, Object(Config\Cache), false)
 4 FCPATH\index.php(67): CodeIgniter\CodeIgniter->run()
 5 SYSTEMPATH\Commands\Server\rewrite.php(47): require_once('C:\\xampp\\htdocs\\WUS-web\\public\\index.php')
CRITICAL - 2023-04-20 07:22:32 --> Call to a member function get() on null
in APPPATH\Views\login\Dashboard.php on line 27.
 1 SYSTEMPATH\View\View.php(213): include()
 2 SYSTEMPATH\View\View.php(216): CodeIgniter\View\View->CodeIgniter\View\{closure}()
 3 SYSTEMPATH\Common.php(1184): CodeIgniter\View\View->render('login/Dashboard', [], true)
 4 APPPATH\Controllers\Login.php(27): view('login/Dashboard')
 5 SYSTEMPATH\CodeIgniter.php(934): App\Controllers\Login->Dashboard()
 6 SYSTEMPATH\CodeIgniter.php(499): CodeIgniter\CodeIgniter->runController(Object(App\Controllers\Login))
 7 SYSTEMPATH\CodeIgniter.php(368): CodeIgniter\CodeIgniter->handleRequest(null, Object(Config\Cache), false)
 8 FCPATH\index.php(67): CodeIgniter\CodeIgniter->run()
 9 SYSTEMPATH\Commands\Server\rewrite.php(47): require_once('C:\\xampp\\htdocs\\WUS-web\\public\\index.php')
CRITICAL - 2023-04-20 07:25:16 --> 22 : The requested URL returned error: 500 
in SYSTEMPATH\HTTP\CURLRequest.php on line 666.
 1 SYSTEMPATH\HTTP\CURLRequest.php(666): CodeIgniter\HTTP\Exceptions\HTTPException::forCurlError('22', 'The requested URL returned error: 500 ')
 2 SYSTEMPATH\HTTP\CURLRequest.php(372): CodeIgniter\HTTP\CURLRequest->sendRequest([...])
 3 SYSTEMPATH\HTTP\CURLRequest.php(134): CodeIgniter\HTTP\CURLRequest->send('post', 'https://localhost:44336/api/Login/VerifyOTPWeb')
 4 SYSTEMPATH\HTTP\CURLRequest.php(207): CodeIgniter\HTTP\CURLRequest->request('post', 'https://localhost:44336/api/Login/VerifyOTPWeb', [...])
 5 APPPATH\Controllers\Login.php(97): CodeIgniter\HTTP\CURLRequest->post('/api/Login/VerifyOTPWeb', [...])
 6 SYSTEMPATH\CodeIgniter.php(934): App\Controllers\Login->CheckOTP()
 7 SYSTEMPATH\CodeIgniter.php(499): CodeIgniter\CodeIgniter->runController(Object(App\Controllers\Login))
 8 SYSTEMPATH\CodeIgniter.php(368): CodeIgniter\CodeIgniter->handleRequest(null, Object(Config\Cache), false)
 9 FCPATH\index.php(67): CodeIgniter\CodeIgniter->run()
10 SYSTEMPATH\Commands\Server\rewrite.php(47): require_once('C:\\xampp\\htdocs\\WUS-web\\public\\index.php')
CRITICAL - 2023-04-20 07:26:14 --> 22 : The requested URL returned error: 500 
in SYSTEMPATH\HTTP\CURLRequest.php on line 666.
 1 SYSTEMPATH\HTTP\CURLRequest.php(666): CodeIgniter\HTTP\Exceptions\HTTPException::forCurlError('22', 'The requested URL returned error: 500 ')
 2 SYSTEMPATH\HTTP\CURLRequest.php(372): CodeIgniter\HTTP\CURLRequest->sendRequest([...])
 3 SYSTEMPATH\HTTP\CURLRequest.php(134): CodeIgniter\HTTP\CURLRequest->send('post', 'https://localhost:44336/api/Login/VerifyOTPWeb')
 4 SYSTEMPATH\HTTP\CURLRequest.php(207): CodeIgniter\HTTP\CURLRequest->request('post', 'https://localhost:44336/api/Login/VerifyOTPWeb', [...])
 5 APPPATH\Controllers\Login.php(97): CodeIgniter\HTTP\CURLRequest->post('/api/Login/VerifyOTPWeb', [...])
 6 SYSTEMPATH\CodeIgniter.php(934): App\Controllers\Login->CheckOTP()
 7 SYSTEMPATH\CodeIgniter.php(499): CodeIgniter\CodeIgniter->runController(Object(App\Controllers\Login))
 8 SYSTEMPATH\CodeIgniter.php(368): CodeIgniter\CodeIgniter->handleRequest(null, Object(Config\Cache), false)
 9 FCPATH\index.php(67): CodeIgniter\CodeIgniter->run()
10 SYSTEMPATH\Commands\Server\rewrite.php(47): require_once('C:\\xampp\\htdocs\\WUS-web\\public\\index.php')
CRITICAL - 2023-04-20 07:26:57 --> 22 : The requested URL returned error: 500 
in SYSTEMPATH\HTTP\CURLRequest.php on line 666.
 1 SYSTEMPATH\HTTP\CURLRequest.php(666): CodeIgniter\HTTP\Exceptions\HTTPException::forCurlError('22', 'The requested URL returned error: 500 ')
 2 SYSTEMPATH\HTTP\CURLRequest.php(372): CodeIgniter\HTTP\CURLRequest->sendRequest([...])
 3 SYSTEMPATH\HTTP\CURLRequest.php(134): CodeIgniter\HTTP\CURLRequest->send('post', 'https://localhost:44336/api/Login/VerifyOTPWeb')
 4 SYSTEMPATH\HTTP\CURLRequest.php(207): CodeIgniter\HTTP\CURLRequest->request('post', 'https://localhost:44336/api/Login/VerifyOTPWeb', [...])
 5 APPPATH\Controllers\Login.php(97): CodeIgniter\HTTP\CURLRequest->post('/api/Login/VerifyOTPWeb', [...])
 6 SYSTEMPATH\CodeIgniter.php(934): App\Controllers\Login->CheckOTP()
 7 SYSTEMPATH\CodeIgniter.php(499): CodeIgniter\CodeIgniter->runController(Object(App\Controllers\Login))
 8 SYSTEMPATH\CodeIgniter.php(368): CodeIgniter\CodeIgniter->handleRequest(null, Object(Config\Cache), false)
 9 FCPATH\index.php(67): CodeIgniter\CodeIgniter->run()
10 SYSTEMPATH\Commands\Server\rewrite.php(47): require_once('C:\\xampp\\htdocs\\WUS-web\\public\\index.php')
CRITICAL - 2023-04-20 10:10:56 --> Use of undefined constant Username - assumed 'Username' (this will throw an Error in a future version of PHP)
in APPPATH\Views\login\Dashboard.php on line 27.
 1 APPPATH\Views\login\Dashboard.php(27): CodeIgniter\Debug\Exceptions->errorHandler(2, 'Use of undefined constant Username - assumed \'Username\' (this will throw an Error in a future version of PHP)', 'C:\\xampp\\htdocs\\WUS-web\\app\\Views\\login\\Dashboard.php', 27, [...])
 2 SYSTEMPATH\View\View.php(213): include('C:\\xampp\\htdocs\\WUS-web\\app\\Views\\login\\Dashboard.php')
 3 SYSTEMPATH\View\View.php(216): CodeIgniter\View\View->CodeIgniter\View\{closure}()
 4 SYSTEMPATH\Common.php(1184): CodeIgniter\View\View->render('login/Dashboard', [], true)
 5 APPPATH\Controllers\Login.php(27): view('login/Dashboard')
 6 SYSTEMPATH\CodeIgniter.php(934): App\Controllers\Login->Dashboard()
 7 SYSTEMPATH\CodeIgniter.php(499): CodeIgniter\CodeIgniter->runController(Object(App\Controllers\Login))
 8 SYSTEMPATH\CodeIgniter.php(368): CodeIgniter\CodeIgniter->handleRequest(null, Object(Config\Cache), false)
 9 FCPATH\index.php(67): CodeIgniter\CodeIgniter->run()
10 SYSTEMPATH\Commands\Server\rewrite.php(47): require_once('C:\\xampp\\htdocs\\WUS-web\\public\\index.php')
CRITICAL - 2023-04-20 10:12:03 --> Use of undefined constant Username - assumed 'Username' (this will throw an Error in a future version of PHP)
in APPPATH\Views\login\Dashboard.php on line 27.
 1 APPPATH\Views\login\Dashboard.php(27): CodeIgniter\Debug\Exceptions->errorHandler(2, 'Use of undefined constant Username - assumed \'Username\' (this will throw an Error in a future version of PHP)', 'C:\\xampp\\htdocs\\WUS-web\\app\\Views\\login\\Dashboard.php', 27, [...])
 2 SYSTEMPATH\View\View.php(213): include('C:\\xampp\\htdocs\\WUS-web\\app\\Views\\login\\Dashboard.php')
 3 SYSTEMPATH\View\View.php(216): CodeIgniter\View\View->CodeIgniter\View\{closure}()
 4 SYSTEMPATH\Common.php(1184): CodeIgniter\View\View->render('login/Dashboard', [], true)
 5 APPPATH\Controllers\Login.php(27): view('login/Dashboard')
 6 SYSTEMPATH\CodeIgniter.php(934): App\Controllers\Login->Dashboard()
 7 SYSTEMPATH\CodeIgniter.php(499): CodeIgniter\CodeIgniter->runController(Object(App\Controllers\Login))
 8 SYSTEMPATH\CodeIgniter.php(368): CodeIgniter\CodeIgniter->handleRequest(null, Object(Config\Cache), false)
 9 FCPATH\index.php(67): CodeIgniter\CodeIgniter->run()
10 SYSTEMPATH\Commands\Server\rewrite.php(47): require_once('C:\\xampp\\htdocs\\WUS-web\\public\\index.php')
CRITICAL - 2023-04-20 10:51:51 --> Invalid file: "leftMenu.php"
in SYSTEMPATH\Exceptions\FrameworkException.php on line 33.
 1 SYSTEMPATH\View\View.php(201): CodeIgniter\Exceptions\FrameworkException::forInvalidFile('leftMenu.php')
 2 SYSTEMPATH\Common.php(1184): CodeIgniter\View\View->render('leftMenu.php', [], true)
 3 APPPATH\Views\login\Dashboard.php(11): view('leftMenu.php')
 4 SYSTEMPATH\View\View.php(213): include('C:\\xampp\\htdocs\\WUS-web\\app\\Views\\login\\Dashboard.php')
 5 SYSTEMPATH\View\View.php(216): CodeIgniter\View\View->CodeIgniter\View\{closure}()
 6 SYSTEMPATH\Common.php(1184): CodeIgniter\View\View->render('login/Dashboard', [], true)
 7 APPPATH\Controllers\Login.php(29): view('login/Dashboard')
 8 SYSTEMPATH\CodeIgniter.php(934): App\Controllers\Login->Dashboard()
 9 SYSTEMPATH\CodeIgniter.php(499): CodeIgniter\CodeIgniter->runController(Object(App\Controllers\Login))
10 SYSTEMPATH\CodeIgniter.php(368): CodeIgniter\CodeIgniter->handleRequest(null, Object(Config\Cache), false)
11 FCPATH\index.php(67): CodeIgniter\CodeIgniter->run()
12 SYSTEMPATH\Commands\Server\rewrite.php(47): require_once('C:\\xampp\\htdocs\\WUS-web\\public\\index.php')
CRITICAL - 2023-04-20 10:53:37 --> syntax error, unexpected ''DeviceId'' (T_CONSTANT_ENCAPSED_STRING), expecting ']'
in APPPATH\Controllers\LMS.php on line 31.
 1 SYSTEMPATH\Autoloader\Autoloader.php(289): CodeIgniter\Autoloader\Autoloader->includeFile('C:\\xampp\\htdocs\\WUS-web\\app\\Controllers\\LMS.php')
 2 SYSTEMPATH\Autoloader\Autoloader.php(267): CodeIgniter\Autoloader\Autoloader->loadInNamespace('App\\Controllers\\LMS')
 3 [internal function]: CodeIgniter\Autoloader\Autoloader->loadClass('App\\Controllers\\LMS')
 4 [internal function]: spl_autoload_call('App\\Controllers\\LMS')
 5 SYSTEMPATH\CodeIgniter.php(892): class_exists('\\App\\Controllers\\LMS', true)
 6 SYSTEMPATH\CodeIgniter.php(486): CodeIgniter\CodeIgniter->startController()
 7 SYSTEMPATH\CodeIgniter.php(368): CodeIgniter\CodeIgniter->handleRequest(null, Object(Config\Cache), false)
 8 FCPATH\index.php(67): CodeIgniter\CodeIgniter->run()
 9 SYSTEMPATH\Commands\Server\rewrite.php(47): require_once('C:\\xampp\\htdocs\\WUS-web\\public\\index.php')
CRITICAL - 2023-04-20 10:59:24 --> syntax error, unexpected '=>' (T_DOUBLE_ARROW), expecting ';' or ','
in APPPATH\Views\cyber\EditCyberRegistration.php on line 81.
 1 SYSTEMPATH\View\View.php(216): CodeIgniter\View\View->CodeIgniter\View\{closure}()
 2 SYSTEMPATH\Common.php(1184): CodeIgniter\View\View->render('cyber/editCyberRegistration', [], true)
 3 APPPATH\Controllers\LMS.php(40): view('cyber/editCyberRegistration', [...])
 4 SYSTEMPATH\CodeIgniter.php(934): App\Controllers\LMS->EditCyberApplication()
 5 SYSTEMPATH\CodeIgniter.php(499): CodeIgniter\CodeIgniter->runController(Object(App\Controllers\LMS))
 6 SYSTEMPATH\CodeIgniter.php(368): CodeIgniter\CodeIgniter->handleRequest(null, Object(Config\Cache), false)
 7 FCPATH\index.php(67): CodeIgniter\CodeIgniter->run()
 8 SYSTEMPATH\Commands\Server\rewrite.php(47): require_once('C:\\xampp\\htdocs\\WUS-web\\public\\index.php')
CRITICAL - 2023-04-20 11:20:50 --> Call to a member function getErrors() on null
in APPPATH\Controllers\LMS.php on line 54.
 1 SYSTEMPATH\CodeIgniter.php(934): App\Controllers\LMS->AddCyberApplication()
 2 SYSTEMPATH\CodeIgniter.php(499): CodeIgniter\CodeIgniter->runController(Object(App\Controllers\LMS))
 3 SYSTEMPATH\CodeIgniter.php(368): CodeIgniter\CodeIgniter->handleRequest(null, Object(Config\Cache), false)
 4 FCPATH\index.php(67): CodeIgniter\CodeIgniter->run()
 5 SYSTEMPATH\Commands\Server\rewrite.php(47): require_once('C:\\xampp\\htdocs\\WUS-web\\public\\index.php')
CRITICAL - 2023-04-20 11:22:24 --> syntax error, unexpected 'exit' (T_EXIT)
in APPPATH\Controllers\LMS.php on line 56.
 1 SYSTEMPATH\Autoloader\Autoloader.php(289): CodeIgniter\Autoloader\Autoloader->includeFile('C:\\xampp\\htdocs\\WUS-web\\app\\Controllers\\LMS.php')
 2 SYSTEMPATH\Autoloader\Autoloader.php(267): CodeIgniter\Autoloader\Autoloader->loadInNamespace('App\\Controllers\\LMS')
 3 [internal function]: CodeIgniter\Autoloader\Autoloader->loadClass('App\\Controllers\\LMS')
 4 [internal function]: spl_autoload_call('App\\Controllers\\LMS')
 5 SYSTEMPATH\CodeIgniter.php(892): class_exists('\\App\\Controllers\\LMS', true)
 6 SYSTEMPATH\CodeIgniter.php(486): CodeIgniter\CodeIgniter->startController()
 7 SYSTEMPATH\CodeIgniter.php(368): CodeIgniter\CodeIgniter->handleRequest(null, Object(Config\Cache), false)
 8 FCPATH\index.php(67): CodeIgniter\CodeIgniter->run()
 9 SYSTEMPATH\Commands\Server\rewrite.php(47): require_once('C:\\xampp\\htdocs\\WUS-web\\public\\index.php')
CRITICAL - 2023-04-20 11:26:14 --> Use of undefined constant APIKey - assumed 'APIKey' (this will throw an Error in a future version of PHP)
in APPPATH\Controllers\LMS.php on line 93.
 1 APPPATH\Controllers\LMS.php(93): CodeIgniter\Debug\Exceptions->errorHandler(2, 'Use of undefined constant APIKey - assumed \'APIKey\' (this will throw an Error in a future version of PHP)', 'C:\\xampp\\htdocs\\WUS-web\\app\\Controllers\\LMS.php', 93, [...])
 2 SYSTEMPATH\CodeIgniter.php(934): App\Controllers\LMS->AddCyberApplication()
 3 SYSTEMPATH\CodeIgniter.php(499): CodeIgniter\CodeIgniter->runController(Object(App\Controllers\LMS))
 4 SYSTEMPATH\CodeIgniter.php(368): CodeIgniter\CodeIgniter->handleRequest(null, Object(Config\Cache), false)
 5 FCPATH\index.php(67): CodeIgniter\CodeIgniter->run()
 6 SYSTEMPATH\Commands\Server\rewrite.php(47): require_once('C:\\xampp\\htdocs\\WUS-web\\public\\index.php')
CRITICAL - 2023-04-20 11:27:51 --> Call to a member function setFlashdata() on null
in APPPATH\Controllers\LMS.php on line 106.
 1 SYSTEMPATH\CodeIgniter.php(934): App\Controllers\LMS->AddCyberApplication()
 2 SYSTEMPATH\CodeIgniter.php(499): CodeIgniter\CodeIgniter->runController(Object(App\Controllers\LMS))
 3 SYSTEMPATH\CodeIgniter.php(368): CodeIgniter\CodeIgniter->handleRequest(null, Object(Config\Cache), false)
 4 FCPATH\index.php(67): CodeIgniter\CodeIgniter->run()
 5 SYSTEMPATH\Commands\Server\rewrite.php(47): require_once('C:\\xampp\\htdocs\\WUS-web\\public\\index.php')
CRITICAL - 2023-04-20 11:30:54 --> 22 : The requested URL returned error: 500 
in SYSTEMPATH\HTTP\CURLRequest.php on line 666.
 1 SYSTEMPATH\HTTP\CURLRequest.php(666): CodeIgniter\HTTP\Exceptions\HTTPException::forCurlError('22', 'The requested URL returned error: 500 ')
 2 SYSTEMPATH\HTTP\CURLRequest.php(372): CodeIgniter\HTTP\CURLRequest->sendRequest([...])
 3 SYSTEMPATH\HTTP\CURLRequest.php(134): CodeIgniter\HTTP\CURLRequest->send('post', 'https://localhost:44336/api/Jobs/AddStudentApplication')
 4 SYSTEMPATH\HTTP\CURLRequest.php(207): CodeIgniter\HTTP\CURLRequest->request('post', 'https://localhost:44336/api/Jobs/AddStudentApplication', [...])
 5 APPPATH\Controllers\LMS.php(81): CodeIgniter\HTTP\CURLRequest->post('/api/Jobs/AddStudentApplication', [...])
 6 SYSTEMPATH\CodeIgniter.php(934): App\Controllers\LMS->AddCyberApplication()
 7 SYSTEMPATH\CodeIgniter.php(499): CodeIgniter\CodeIgniter->runController(Object(App\Controllers\LMS))
 8 SYSTEMPATH\CodeIgniter.php(368): CodeIgniter\CodeIgniter->handleRequest(null, Object(Config\Cache), false)
 9 FCPATH\index.php(67): CodeIgniter\CodeIgniter->run()
10 SYSTEMPATH\Commands\Server\rewrite.php(47): require_once('C:\\xampp\\htdocs\\WUS-web\\public\\index.php')
CRITICAL - 2023-04-20 11:31:18 --> 22 : The requested URL returned error: 500 
in SYSTEMPATH\HTTP\CURLRequest.php on line 666.
 1 SYSTEMPATH\HTTP\CURLRequest.php(666): CodeIgniter\HTTP\Exceptions\HTTPException::forCurlError('22', 'The requested URL returned error: 500 ')
 2 SYSTEMPATH\HTTP\CURLRequest.php(372): CodeIgniter\HTTP\CURLRequest->sendRequest([...])
 3 SYSTEMPATH\HTTP\CURLRequest.php(134): CodeIgniter\HTTP\CURLRequest->send('post', 'https://localhost:44336/api/Jobs/AddStudentApplication')
 4 SYSTEMPATH\HTTP\CURLRequest.php(207): CodeIgniter\HTTP\CURLRequest->request('post', 'https://localhost:44336/api/Jobs/AddStudentApplication', [...])
 5 APPPATH\Controllers\LMS.php(81): CodeIgniter\HTTP\CURLRequest->post('/api/Jobs/AddStudentApplication', [...])
 6 SYSTEMPATH\CodeIgniter.php(934): App\Controllers\LMS->AddCyberApplication()
 7 SYSTEMPATH\CodeIgniter.php(499): CodeIgniter\CodeIgniter->runController(Object(App\Controllers\LMS))
 8 SYSTEMPATH\CodeIgniter.php(368): CodeIgniter\CodeIgniter->handleRequest(null, Object(Config\Cache), false)
 9 FCPATH\index.php(67): CodeIgniter\CodeIgniter->run()
10 SYSTEMPATH\Commands\Server\rewrite.php(47): require_once('C:\\xampp\\htdocs\\WUS-web\\public\\index.php')
CRITICAL - 2023-04-20 11:31:26 --> 22 : The requested URL returned error: 500 
in SYSTEMPATH\HTTP\CURLRequest.php on line 666.
 1 SYSTEMPATH\HTTP\CURLRequest.php(666): CodeIgniter\HTTP\Exceptions\HTTPException::forCurlError('22', 'The requested URL returned error: 500 ')
 2 SYSTEMPATH\HTTP\CURLRequest.php(372): CodeIgniter\HTTP\CURLRequest->sendRequest([...])
 3 SYSTEMPATH\HTTP\CURLRequest.php(134): CodeIgniter\HTTP\CURLRequest->send('post', 'https://localhost:44336/api/Jobs/AddStudentApplication')
 4 SYSTEMPATH\HTTP\CURLRequest.php(207): CodeIgniter\HTTP\CURLRequest->request('post', 'https://localhost:44336/api/Jobs/AddStudentApplication', [...])
 5 APPPATH\Controllers\LMS.php(81): CodeIgniter\HTTP\CURLRequest->post('/api/Jobs/AddStudentApplication', [...])
 6 SYSTEMPATH\CodeIgniter.php(934): App\Controllers\LMS->AddCyberApplication()
 7 SYSTEMPATH\CodeIgniter.php(499): CodeIgniter\CodeIgniter->runController(Object(App\Controllers\LMS))
 8 SYSTEMPATH\CodeIgniter.php(368): CodeIgniter\CodeIgniter->handleRequest(null, Object(Config\Cache), false)
 9 FCPATH\index.php(67): CodeIgniter\CodeIgniter->run()
10 SYSTEMPATH\Commands\Server\rewrite.php(47): require_once('C:\\xampp\\htdocs\\WUS-web\\public\\index.php')
CRITICAL - 2023-04-20 11:33:21 --> 22 : The requested URL returned error: 400 
in SYSTEMPATH\HTTP\CURLRequest.php on line 666.
 1 SYSTEMPATH\HTTP\CURLRequest.php(666): CodeIgniter\HTTP\Exceptions\HTTPException::forCurlError('22', 'The requested URL returned error: 400 ')
 2 SYSTEMPATH\HTTP\CURLRequest.php(372): CodeIgniter\HTTP\CURLRequest->sendRequest([...])
 3 SYSTEMPATH\HTTP\CURLRequest.php(134): CodeIgniter\HTTP\CURLRequest->send('post', 'https://localhost:44336/api/Jobs/AddStudentApplication')
 4 SYSTEMPATH\HTTP\CURLRequest.php(207): CodeIgniter\HTTP\CURLRequest->request('post', 'https://localhost:44336/api/Jobs/AddStudentApplication', [...])
 5 APPPATH\Controllers\LMS.php(81): CodeIgniter\HTTP\CURLRequest->post('/api/Jobs/AddStudentApplication', [...])
 6 SYSTEMPATH\CodeIgniter.php(934): App\Controllers\LMS->AddCyberApplication()
 7 SYSTEMPATH\CodeIgniter.php(499): CodeIgniter\CodeIgniter->runController(Object(App\Controllers\LMS))
 8 SYSTEMPATH\CodeIgniter.php(368): CodeIgniter\CodeIgniter->handleRequest(null, Object(Config\Cache), false)
 9 FCPATH\index.php(67): CodeIgniter\CodeIgniter->run()
10 SYSTEMPATH\Commands\Server\rewrite.php(47): require_once('C:\\xampp\\htdocs\\WUS-web\\public\\index.php')
CRITICAL - 2023-04-20 11:39:31 --> Invalid file: "LMS/EditCyberApplication.php"
in SYSTEMPATH\Exceptions\FrameworkException.php on line 33.
 1 SYSTEMPATH\View\View.php(201): CodeIgniter\Exceptions\FrameworkException::forInvalidFile('LMS/EditCyberApplication.php')
 2 SYSTEMPATH\Common.php(1184): CodeIgniter\View\View->render('LMS/EditCyberApplication', [], true)
 3 APPPATH\Controllers\Login.php(29): view('LMS/EditCyberApplication')
 4 SYSTEMPATH\CodeIgniter.php(934): App\Controllers\Login->Dashboard()
 5 SYSTEMPATH\CodeIgniter.php(499): CodeIgniter\CodeIgniter->runController(Object(App\Controllers\Login))
 6 SYSTEMPATH\CodeIgniter.php(368): CodeIgniter\CodeIgniter->handleRequest(null, Object(Config\Cache), false)
 7 FCPATH\index.php(67): CodeIgniter\CodeIgniter->run()
 8 SYSTEMPATH\Commands\Server\rewrite.php(47): require_once('C:\\xampp\\htdocs\\WUS-web\\public\\index.php')
CRITICAL - 2023-04-20 12:25:14 --> 22 : The requested URL returned error: 401 
in SYSTEMPATH\HTTP\CURLRequest.php on line 666.
 1 SYSTEMPATH\HTTP\CURLRequest.php(666): CodeIgniter\HTTP\Exceptions\HTTPException::forCurlError('22', 'The requested URL returned error: 401 ')
 2 SYSTEMPATH\HTTP\CURLRequest.php(372): CodeIgniter\HTTP\CURLRequest->sendRequest([...])
 3 SYSTEMPATH\HTTP\CURLRequest.php(134): CodeIgniter\HTTP\CURLRequest->send('post', 'https://localhost:44336/api/Learning/GetLMSCourseByUserId')
 4 SYSTEMPATH\HTTP\CURLRequest.php(207): CodeIgniter\HTTP\CURLRequest->request('post', 'https://localhost:44336/api/Learning/GetLMSCourseByUserId', [...])
 5 APPPATH\Controllers\LMS.php(30): CodeIgniter\HTTP\CURLRequest->post('/api/Learning/GetLMSCourseByUserId', [...])
 6 SYSTEMPATH\CodeIgniter.php(934): App\Controllers\LMS->Course()
 7 SYSTEMPATH\CodeIgniter.php(499): CodeIgniter\CodeIgniter->runController(Object(App\Controllers\LMS))
 8 SYSTEMPATH\CodeIgniter.php(368): CodeIgniter\CodeIgniter->handleRequest(null, Object(Config\Cache), false)
 9 FCPATH\index.php(67): CodeIgniter\CodeIgniter->run()
10 SYSTEMPATH\Commands\Server\rewrite.php(47): require_once('C:\\xampp\\htdocs\\WUS-web\\public\\index.php')
CRITICAL - 2023-04-20 12:26:03 --> 22 : The requested URL returned error: 401 
in SYSTEMPATH\HTTP\CURLRequest.php on line 666.
 1 SYSTEMPATH\HTTP\CURLRequest.php(666): CodeIgniter\HTTP\Exceptions\HTTPException::forCurlError('22', 'The requested URL returned error: 401 ')
 2 SYSTEMPATH\HTTP\CURLRequest.php(372): CodeIgniter\HTTP\CURLRequest->sendRequest([...])
 3 SYSTEMPATH\HTTP\CURLRequest.php(134): CodeIgniter\HTTP\CURLRequest->send('post', 'https://localhost:44336/api/Learning/GetLMSCourseByUserId')
 4 SYSTEMPATH\HTTP\CURLRequest.php(207): CodeIgniter\HTTP\CURLRequest->request('post', 'https://localhost:44336/api/Learning/GetLMSCourseByUserId', [...])
 5 APPPATH\Controllers\LMS.php(30): CodeIgniter\HTTP\CURLRequest->post('/api/Learning/GetLMSCourseByUserId', [...])
 6 SYSTEMPATH\CodeIgniter.php(934): App\Controllers\LMS->Course()
 7 SYSTEMPATH\CodeIgniter.php(499): CodeIgniter\CodeIgniter->runController(Object(App\Controllers\LMS))
 8 SYSTEMPATH\CodeIgniter.php(368): CodeIgniter\CodeIgniter->handleRequest(null, Object(Config\Cache), false)
 9 FCPATH\index.php(67): CodeIgniter\CodeIgniter->run()
10 SYSTEMPATH\Commands\Server\rewrite.php(47): require_once('C:\\xampp\\htdocs\\WUS-web\\public\\index.php')
CRITICAL - 2023-04-20 12:26:22 --> 22 : The requested URL returned error: 500 
in SYSTEMPATH\HTTP\CURLRequest.php on line 666.
 1 SYSTEMPATH\HTTP\CURLRequest.php(666): CodeIgniter\HTTP\Exceptions\HTTPException::forCurlError('22', 'The requested URL returned error: 500 ')
 2 SYSTEMPATH\HTTP\CURLRequest.php(372): CodeIgniter\HTTP\CURLRequest->sendRequest([...])
 3 SYSTEMPATH\HTTP\CURLRequest.php(134): CodeIgniter\HTTP\CURLRequest->send('post', 'https://localhost:44336/api/Learning/GetLMSCourseByUserId')
 4 SYSTEMPATH\HTTP\CURLRequest.php(207): CodeIgniter\HTTP\CURLRequest->request('post', 'https://localhost:44336/api/Learning/GetLMSCourseByUserId', [...])
 5 APPPATH\Controllers\LMS.php(30): CodeIgniter\HTTP\CURLRequest->post('/api/Learning/GetLMSCourseByUserId', [...])
 6 SYSTEMPATH\CodeIgniter.php(934): App\Controllers\LMS->Course()
 7 SYSTEMPATH\CodeIgniter.php(499): CodeIgniter\CodeIgniter->runController(Object(App\Controllers\LMS))
 8 SYSTEMPATH\CodeIgniter.php(368): CodeIgniter\CodeIgniter->handleRequest(null, Object(Config\Cache), false)
 9 FCPATH\index.php(67): CodeIgniter\CodeIgniter->run()
10 SYSTEMPATH\Commands\Server\rewrite.php(47): require_once('C:\\xampp\\htdocs\\WUS-web\\public\\index.php')
CRITICAL - 2023-04-20 12:27:09 --> 22 : The requested URL returned error: 500 
in SYSTEMPATH\HTTP\CURLRequest.php on line 666.
 1 SYSTEMPATH\HTTP\CURLRequest.php(666): CodeIgniter\HTTP\Exceptions\HTTPException::forCurlError('22', 'The requested URL returned error: 500 ')
 2 SYSTEMPATH\HTTP\CURLRequest.php(372): CodeIgniter\HTTP\CURLRequest->sendRequest([...])
 3 SYSTEMPATH\HTTP\CURLRequest.php(134): CodeIgniter\HTTP\CURLRequest->send('post', 'https://localhost:44336/api/Learning/GetLMSCourseByUserId')
 4 SYSTEMPATH\HTTP\CURLRequest.php(207): CodeIgniter\HTTP\CURLRequest->request('post', 'https://localhost:44336/api/Learning/GetLMSCourseByUserId', [...])
 5 APPPATH\Controllers\LMS.php(30): CodeIgniter\HTTP\CURLRequest->post('/api/Learning/GetLMSCourseByUserId', [...])
 6 SYSTEMPATH\CodeIgniter.php(934): App\Controllers\LMS->Course()
 7 SYSTEMPATH\CodeIgniter.php(499): CodeIgniter\CodeIgniter->runController(Object(App\Controllers\LMS))
 8 SYSTEMPATH\CodeIgniter.php(368): CodeIgniter\CodeIgniter->handleRequest(null, Object(Config\Cache), false)
 9 FCPATH\index.php(67): CodeIgniter\CodeIgniter->run()
10 SYSTEMPATH\Commands\Server\rewrite.php(47): require_once('C:\\xampp\\htdocs\\WUS-web\\public\\index.php')
CRITICAL - 2023-04-20 12:30:36 --> Maximum execution time of 60 seconds exceeded
in SYSTEMPATH\HTTP\CURLRequest.php on line 663.
 1 [internal function]: CodeIgniter\Debug\Exceptions->shutdownHandler()
CRITICAL - 2023-04-20 13:15:24 --> 22 : The requested URL returned error: 401 
in SYSTEMPATH\HTTP\CURLRequest.php on line 666.
 1 SYSTEMPATH\HTTP\CURLRequest.php(666): CodeIgniter\HTTP\Exceptions\HTTPException::forCurlError('22', 'The requested URL returned error: 401 ')
 2 SYSTEMPATH\HTTP\CURLRequest.php(372): CodeIgniter\HTTP\CURLRequest->sendRequest([...])
 3 SYSTEMPATH\HTTP\CURLRequest.php(134): CodeIgniter\HTTP\CURLRequest->send('post', 'https://localhost:44336/api/Learning/GetLMSCourse')
 4 SYSTEMPATH\HTTP\CURLRequest.php(207): CodeIgniter\HTTP\CURLRequest->request('post', 'https://localhost:44336/api/Learning/GetLMSCourse', [...])
 5 APPPATH\Controllers\LMS.php(43): CodeIgniter\HTTP\CURLRequest->post('/api/Learning/GetLMSCourse', [...])
 6 SYSTEMPATH\CodeIgniter.php(934): App\Controllers\LMS->Course()
 7 SYSTEMPATH\CodeIgniter.php(499): CodeIgniter\CodeIgniter->runController(Object(App\Controllers\LMS))
 8 SYSTEMPATH\CodeIgniter.php(368): CodeIgniter\CodeIgniter->handleRequest(null, Object(Config\Cache), false)
 9 FCPATH\index.php(67): CodeIgniter\CodeIgniter->run()
10 SYSTEMPATH\Commands\Server\rewrite.php(47): require_once('C:\\xampp\\htdocs\\WUS-web\\public\\index.php')
CRITICAL - 2023-04-20 13:16:26 --> 56 : OpenSSL SSL_read: Connection was reset, errno 10054
in SYSTEMPATH\HTTP\CURLRequest.php on line 666.
 1 SYSTEMPATH\HTTP\CURLRequest.php(666): CodeIgniter\HTTP\Exceptions\HTTPException::forCurlError('56', 'OpenSSL SSL_read: Connection was reset, errno 10054')
 2 SYSTEMPATH\HTTP\CURLRequest.php(372): CodeIgniter\HTTP\CURLRequest->sendRequest([...])
 3 SYSTEMPATH\HTTP\CURLRequest.php(134): CodeIgniter\HTTP\CURLRequest->send('post', 'https://localhost:44336/api/Learning/GetLMSCourseByUserId')
 4 SYSTEMPATH\HTTP\CURLRequest.php(207): CodeIgniter\HTTP\CURLRequest->request('post', 'https://localhost:44336/api/Learning/GetLMSCourseByUserId', [...])
 5 APPPATH\Controllers\LMS.php(30): CodeIgniter\HTTP\CURLRequest->post('/api/Learning/GetLMSCourseByUserId', [...])
 6 SYSTEMPATH\CodeIgniter.php(934): App\Controllers\LMS->Course()
 7 SYSTEMPATH\CodeIgniter.php(499): CodeIgniter\CodeIgniter->runController(Object(App\Controllers\LMS))
 8 SYSTEMPATH\CodeIgniter.php(368): CodeIgniter\CodeIgniter->handleRequest(null, Object(Config\Cache), false)
 9 FCPATH\index.php(67): CodeIgniter\CodeIgniter->run()
10 SYSTEMPATH\Commands\Server\rewrite.php(47): require_once('C:\\xampp\\htdocs\\WUS-web\\public\\index.php')
CRITICAL - 2023-04-20 13:19:30 --> 22 : The requested URL returned error: 400 
in SYSTEMPATH\HTTP\CURLRequest.php on line 666.
 1 SYSTEMPATH\HTTP\CURLRequest.php(666): CodeIgniter\HTTP\Exceptions\HTTPException::forCurlError('22', 'The requested URL returned error: 400 ')
 2 SYSTEMPATH\HTTP\CURLRequest.php(372): CodeIgniter\HTTP\CURLRequest->sendRequest([...])
 3 SYSTEMPATH\HTTP\CURLRequest.php(134): CodeIgniter\HTTP\CURLRequest->send('post', 'https://localhost:44336/api/Learning/GetLMSCourse')
 4 SYSTEMPATH\HTTP\CURLRequest.php(207): CodeIgniter\HTTP\CURLRequest->request('post', 'https://localhost:44336/api/Learning/GetLMSCourse', [...])
 5 APPPATH\Controllers\LMS.php(43): CodeIgniter\HTTP\CURLRequest->post('/api/Learning/GetLMSCourse', [...])
 6 SYSTEMPATH\CodeIgniter.php(934): App\Controllers\LMS->Course()
 7 SYSTEMPATH\CodeIgniter.php(499): CodeIgniter\CodeIgniter->runController(Object(App\Controllers\LMS))
 8 SYSTEMPATH\CodeIgniter.php(368): CodeIgniter\CodeIgniter->handleRequest(null, Object(Config\Cache), false)
 9 FCPATH\index.php(67): CodeIgniter\CodeIgniter->run()
10 SYSTEMPATH\Commands\Server\rewrite.php(47): require_once('C:\\xampp\\htdocs\\WUS-web\\public\\index.php')
CRITICAL - 2023-04-20 13:20:10 --> 22 : The requested URL returned error: 400 
in SYSTEMPATH\HTTP\CURLRequest.php on line 666.
 1 SYSTEMPATH\HTTP\CURLRequest.php(666): CodeIgniter\HTTP\Exceptions\HTTPException::forCurlError('22', 'The requested URL returned error: 400 ')
 2 SYSTEMPATH\HTTP\CURLRequest.php(372): CodeIgniter\HTTP\CURLRequest->sendRequest([...])
 3 SYSTEMPATH\HTTP\CURLRequest.php(134): CodeIgniter\HTTP\CURLRequest->send('post', 'https://localhost:44336/api/Learning/GetLMSCourse')
 4 SYSTEMPATH\HTTP\CURLRequest.php(207): CodeIgniter\HTTP\CURLRequest->request('post', 'https://localhost:44336/api/Learning/GetLMSCourse', [...])
 5 APPPATH\Controllers\LMS.php(43): CodeIgniter\HTTP\CURLRequest->post('/api/Learning/GetLMSCourse', [...])
 6 SYSTEMPATH\CodeIgniter.php(934): App\Controllers\LMS->Course()
 7 SYSTEMPATH\CodeIgniter.php(499): CodeIgniter\CodeIgniter->runController(Object(App\Controllers\LMS))
 8 SYSTEMPATH\CodeIgniter.php(368): CodeIgniter\CodeIgniter->handleRequest(null, Object(Config\Cache), false)
 9 FCPATH\index.php(67): CodeIgniter\CodeIgniter->run()
10 SYSTEMPATH\Commands\Server\rewrite.php(47): require_once('C:\\xampp\\htdocs\\WUS-web\\public\\index.php')
CRITICAL - 2023-04-20 13:23:16 --> 22 : The requested URL returned error: 400 
in SYSTEMPATH\HTTP\CURLRequest.php on line 666.
 1 SYSTEMPATH\HTTP\CURLRequest.php(666): CodeIgniter\HTTP\Exceptions\HTTPException::forCurlError('22', 'The requested URL returned error: 400 ')
 2 SYSTEMPATH\HTTP\CURLRequest.php(372): CodeIgniter\HTTP\CURLRequest->sendRequest([...])
 3 SYSTEMPATH\HTTP\CURLRequest.php(134): CodeIgniter\HTTP\CURLRequest->send('post', 'https://localhost:44336/api/Learning/GetLMSCourse')
 4 SYSTEMPATH\HTTP\CURLRequest.php(207): CodeIgniter\HTTP\CURLRequest->request('post', 'https://localhost:44336/api/Learning/GetLMSCourse', [...])
 5 APPPATH\Controllers\LMS.php(43): CodeIgniter\HTTP\CURLRequest->post('/api/Learning/GetLMSCourse', [...])
 6 SYSTEMPATH\CodeIgniter.php(934): App\Controllers\LMS->Course()
 7 SYSTEMPATH\CodeIgniter.php(499): CodeIgniter\CodeIgniter->runController(Object(App\Controllers\LMS))
 8 SYSTEMPATH\CodeIgniter.php(368): CodeIgniter\CodeIgniter->handleRequest(null, Object(Config\Cache), false)
 9 FCPATH\index.php(67): CodeIgniter\CodeIgniter->run()
10 SYSTEMPATH\Commands\Server\rewrite.php(47): require_once('C:\\xampp\\htdocs\\WUS-web\\public\\index.php')
CRITICAL - 2023-04-20 13:25:39 --> Maximum execution time of 60 seconds exceeded
in SYSTEMPATH\HTTP\CURLRequest.php on line 663.
 1 [internal function]: CodeIgniter\Debug\Exceptions->shutdownHandler()
CRITICAL - 2023-04-20 13:25:46 --> 22 : The requested URL returned error: 400 
in SYSTEMPATH\HTTP\CURLRequest.php on line 666.
 1 SYSTEMPATH\HTTP\CURLRequest.php(666): CodeIgniter\HTTP\Exceptions\HTTPException::forCurlError('22', 'The requested URL returned error: 400 ')
 2 SYSTEMPATH\HTTP\CURLRequest.php(372): CodeIgniter\HTTP\CURLRequest->sendRequest([...])
 3 SYSTEMPATH\HTTP\CURLRequest.php(134): CodeIgniter\HTTP\CURLRequest->send('post', 'https://localhost:44336/api/Learning/GetLMSCourse')
 4 SYSTEMPATH\HTTP\CURLRequest.php(207): CodeIgniter\HTTP\CURLRequest->request('post', 'https://localhost:44336/api/Learning/GetLMSCourse', [...])
 5 APPPATH\Controllers\LMS.php(43): CodeIgniter\HTTP\CURLRequest->post('/api/Learning/GetLMSCourse', [...])
 6 SYSTEMPATH\CodeIgniter.php(934): App\Controllers\LMS->Course()
 7 SYSTEMPATH\CodeIgniter.php(499): CodeIgniter\CodeIgniter->runController(Object(App\Controllers\LMS))
 8 SYSTEMPATH\CodeIgniter.php(368): CodeIgniter\CodeIgniter->handleRequest(null, Object(Config\Cache), false)
 9 FCPATH\index.php(67): CodeIgniter\CodeIgniter->run()
10 SYSTEMPATH\Commands\Server\rewrite.php(47): require_once('C:\\xampp\\htdocs\\WUS-web\\public\\index.php')
CRITICAL - 2023-04-20 13:32:42 --> Invalid file: "static/careers.php"
in SYSTEMPATH\Exceptions\FrameworkException.php on line 33.
 1 SYSTEMPATH\View\View.php(201): CodeIgniter\Exceptions\FrameworkException::forInvalidFile('static/careers.php')
 2 SYSTEMPATH\Common.php(1184): CodeIgniter\View\View->render('static/careers', [], true)
 3 APPPATH\Controllers\Home.php(37): view('static/careers')
 4 SYSTEMPATH\CodeIgniter.php(934): App\Controllers\Home->careers()
 5 SYSTEMPATH\CodeIgniter.php(499): CodeIgniter\CodeIgniter->runController(Object(App\Controllers\Home))
 6 SYSTEMPATH\CodeIgniter.php(368): CodeIgniter\CodeIgniter->handleRequest(null, Object(Config\Cache), false)
 7 FCPATH\index.php(67): CodeIgniter\CodeIgniter->run()
 8 SYSTEMPATH\Commands\Server\rewrite.php(47): require_once('C:\\xampp\\htdocs\\WUS-web\\public\\index.php')
CRITICAL - 2023-04-20 14:17:26 --> 22 : The requested URL returned error: 401 
in SYSTEMPATH\HTTP\CURLRequest.php on line 666.
 1 SYSTEMPATH\HTTP\CURLRequest.php(666): CodeIgniter\HTTP\Exceptions\HTTPException::forCurlError('22', 'The requested URL returned error: 401 ')
 2 SYSTEMPATH\HTTP\CURLRequest.php(372): CodeIgniter\HTTP\CURLRequest->sendRequest([...])
 3 SYSTEMPATH\HTTP\CURLRequest.php(134): CodeIgniter\HTTP\CURLRequest->send('post', 'https://localhost:44336/api/Learning/GetLMSModule')
 4 SYSTEMPATH\HTTP\CURLRequest.php(207): CodeIgniter\HTTP\CURLRequest->request('post', 'https://localhost:44336/api/Learning/GetLMSModule', [...])
 5 APPPATH\Controllers\LMS.php(30): CodeIgniter\HTTP\CURLRequest->post('/api/Learning/GetLMSModule', [...])
 6 SYSTEMPATH\CodeIgniter.php(934): App\Controllers\LMS->Module('1')
 7 SYSTEMPATH\CodeIgniter.php(499): CodeIgniter\CodeIgniter->runController(Object(App\Controllers\LMS))
 8 SYSTEMPATH\CodeIgniter.php(368): CodeIgniter\CodeIgniter->handleRequest(null, Object(Config\Cache), false)
 9 FCPATH\index.php(67): CodeIgniter\CodeIgniter->run()
10 SYSTEMPATH\Commands\Server\rewrite.php(47): require_once('C:\\xampp\\htdocs\\WUS-web\\public\\index.php')
CRITICAL - 2023-04-20 14:20:07 --> 22 : The requested URL returned error: 401 
in SYSTEMPATH\HTTP\CURLRequest.php on line 666.
 1 SYSTEMPATH\HTTP\CURLRequest.php(666): CodeIgniter\HTTP\Exceptions\HTTPException::forCurlError('22', 'The requested URL returned error: 401 ')
 2 SYSTEMPATH\HTTP\CURLRequest.php(372): CodeIgniter\HTTP\CURLRequest->sendRequest([...])
 3 SYSTEMPATH\HTTP\CURLRequest.php(134): CodeIgniter\HTTP\CURLRequest->send('post', 'https://localhost:44336/api/Learning/GetLMSModule')
 4 SYSTEMPATH\HTTP\CURLRequest.php(207): CodeIgniter\HTTP\CURLRequest->request('post', 'https://localhost:44336/api/Learning/GetLMSModule', [...])
 5 APPPATH\Controllers\LMS.php(30): CodeIgniter\HTTP\CURLRequest->post('/api/Learning/GetLMSModule', [...])
 6 SYSTEMPATH\CodeIgniter.php(934): App\Controllers\LMS->Module('1')
 7 SYSTEMPATH\CodeIgniter.php(499): CodeIgniter\CodeIgniter->runController(Object(App\Controllers\LMS))
 8 SYSTEMPATH\CodeIgniter.php(368): CodeIgniter\CodeIgniter->handleRequest(null, Object(Config\Cache), false)
 9 FCPATH\index.php(67): CodeIgniter\CodeIgniter->run()
10 SYSTEMPATH\Commands\Server\rewrite.php(47): require_once('C:\\xampp\\htdocs\\WUS-web\\public\\index.php')
CRITICAL - 2023-04-20 14:20:13 --> 22 : The requested URL returned error: 401 
in SYSTEMPATH\HTTP\CURLRequest.php on line 666.
 1 SYSTEMPATH\HTTP\CURLRequest.php(666): CodeIgniter\HTTP\Exceptions\HTTPException::forCurlError('22', 'The requested URL returned error: 401 ')
 2 SYSTEMPATH\HTTP\CURLRequest.php(372): CodeIgniter\HTTP\CURLRequest->sendRequest([...])
 3 SYSTEMPATH\HTTP\CURLRequest.php(134): CodeIgniter\HTTP\CURLRequest->send('post', 'https://localhost:44336/api/Learning/GetLMSModule')
 4 SYSTEMPATH\HTTP\CURLRequest.php(207): CodeIgniter\HTTP\CURLRequest->request('post', 'https://localhost:44336/api/Learning/GetLMSModule', [...])
 5 APPPATH\Controllers\LMS.php(30): CodeIgniter\HTTP\CURLRequest->post('/api/Learning/GetLMSModule', [...])
 6 SYSTEMPATH\CodeIgniter.php(934): App\Controllers\LMS->Module('3')
 7 SYSTEMPATH\CodeIgniter.php(499): CodeIgniter\CodeIgniter->runController(Object(App\Controllers\LMS))
 8 SYSTEMPATH\CodeIgniter.php(368): CodeIgniter\CodeIgniter->handleRequest(null, Object(Config\Cache), false)
 9 FCPATH\index.php(67): CodeIgniter\CodeIgniter->run()
10 SYSTEMPATH\Commands\Server\rewrite.php(47): require_once('C:\\xampp\\htdocs\\WUS-web\\public\\index.php')
CRITICAL - 2023-04-20 14:20:30 --> 22 : The requested URL returned error: 401 
in SYSTEMPATH\HTTP\CURLRequest.php on line 666.
 1 SYSTEMPATH\HTTP\CURLRequest.php(666): CodeIgniter\HTTP\Exceptions\HTTPException::forCurlError('22', 'The requested URL returned error: 401 ')
 2 SYSTEMPATH\HTTP\CURLRequest.php(372): CodeIgniter\HTTP\CURLRequest->sendRequest([...])
 3 SYSTEMPATH\HTTP\CURLRequest.php(134): CodeIgniter\HTTP\CURLRequest->send('post', 'https://localhost:44336/api/Learning/GetLMSModule')
 4 SYSTEMPATH\HTTP\CURLRequest.php(207): CodeIgniter\HTTP\CURLRequest->request('post', 'https://localhost:44336/api/Learning/GetLMSModule', [...])
 5 APPPATH\Controllers\LMS.php(30): CodeIgniter\HTTP\CURLRequest->post('/api/Learning/GetLMSModule', [...])
 6 SYSTEMPATH\CodeIgniter.php(934): App\Controllers\LMS->Module('3')
 7 SYSTEMPATH\CodeIgniter.php(499): CodeIgniter\CodeIgniter->runController(Object(App\Controllers\LMS))
 8 SYSTEMPATH\CodeIgniter.php(368): CodeIgniter\CodeIgniter->handleRequest(null, Object(Config\Cache), false)
 9 FCPATH\index.php(67): CodeIgniter\CodeIgniter->run()
10 SYSTEMPATH\Commands\Server\rewrite.php(47): require_once('C:\\xampp\\htdocs\\WUS-web\\public\\index.php')
CRITICAL - 2023-04-20 14:23:09 --> Maximum execution time of 60 seconds exceeded
in SYSTEMPATH\HTTP\CURLRequest.php on line 663.
 1 [internal function]: CodeIgniter\Debug\Exceptions->shutdownHandler()
CRITICAL - 2023-04-20 16:50:53 --> syntax error, unexpected 'echo' (T_ECHO)
in APPPATH\Views\cyber\cyberSkillProgram.php on line 39.
 1 SYSTEMPATH\View\View.php(216): CodeIgniter\View\View->CodeIgniter\View\{closure}()
 2 SYSTEMPATH\Common.php(1184): CodeIgniter\View\View->render('cyber/CyberSkillProgram', [], true)
 3 APPPATH\Controllers\Home.php(51): view('cyber/CyberSkillProgram')
 4 SYSTEMPATH\CodeIgniter.php(934): App\Controllers\Home->CyberSkillProgram()
 5 SYSTEMPATH\CodeIgniter.php(499): CodeIgniter\CodeIgniter->runController(Object(App\Controllers\Home))
 6 SYSTEMPATH\CodeIgniter.php(368): CodeIgniter\CodeIgniter->handleRequest(null, Object(Config\Cache), false)
 7 FCPATH\index.php(67): CodeIgniter\CodeIgniter->run()
 8 SYSTEMPATH\Commands\Server\rewrite.php(47): require_once('C:\\xampp\\htdocs\\WUS-web\\public\\index.php')
CRITICAL - 2023-04-20 16:52:09 --> 22 : The requested URL returned error: 400 
in SYSTEMPATH\HTTP\CURLRequest.php on line 666.
 1 SYSTEMPATH\HTTP\CURLRequest.php(666): CodeIgniter\HTTP\Exceptions\HTTPException::forCurlError('22', 'The requested URL returned error: 400 ')
 2 SYSTEMPATH\HTTP\CURLRequest.php(372): CodeIgniter\HTTP\CURLRequest->sendRequest([...])
 3 SYSTEMPATH\HTTP\CURLRequest.php(134): CodeIgniter\HTTP\CURLRequest->send('post', 'https://localhost:44336/api/Learning/GetLMSContent')
 4 SYSTEMPATH\HTTP\CURLRequest.php(207): CodeIgniter\HTTP\CURLRequest->request('post', 'https://localhost:44336/api/Learning/GetLMSContent', [...])
 5 APPPATH\Controllers\LMS.php(29): CodeIgniter\HTTP\CURLRequest->post('/api/Learning/GetLMSContent', [...])
 6 SYSTEMPATH\CodeIgniter.php(934): App\Controllers\LMS->Content('2')
 7 SYSTEMPATH\CodeIgniter.php(499): CodeIgniter\CodeIgniter->runController(Object(App\Controllers\LMS))
 8 SYSTEMPATH\CodeIgniter.php(368): CodeIgniter\CodeIgniter->handleRequest(null, Object(Config\Cache), false)
 9 FCPATH\index.php(67): CodeIgniter\CodeIgniter->run()
10 SYSTEMPATH\Commands\Server\rewrite.php(47): require_once('C:\\xampp\\htdocs\\WUS-web\\public\\index.php')
