CRITICAL - 2023-04-26 10:48:13 --> 22 : The requested URL returned error: 500 
in SYSTEMPATH\HTTP\CURLRequest.php on line 666.
 1 SYSTEMPATH\HTTP\CURLRequest.php(666): CodeIgniter\HTTP\Exceptions\HTTPException::forCurlError('22', 'The requested URL returned error: 500 ')
 2 SYSTEMPATH\HTTP\CURLRequest.php(372): CodeIgniter\HTTP\CURLRequest->sendRequest([...])
 3 SYSTEMPATH\HTTP\CURLRequest.php(134): CodeIgniter\HTTP\CURLRequest->send('post', 'https://dev.workerunionsupport.com/api/Learning/GetLMSCourseByUserId')
 4 SYSTEMPATH\HTTP\CURLRequest.php(207): CodeIgniter\HTTP\CURLRequest->request('post', 'https://dev.workerunionsupport.com/api/Learning/GetLMSCourseByUserId', [...])
 5 APPPATH\Controllers\LMS.php(92): CodeIgniter\HTTP\CURLRequest->post('/api/Learning/GetLMSCourseByUserId', [...])
 6 SYSTEMPATH\CodeIgniter.php(934): App\Controllers\LMS->Course()
 7 SYSTEMPATH\CodeIgniter.php(499): CodeIgniter\CodeIgniter->runController(Object(App\Controllers\LMS))
 8 SYSTEMPATH\CodeIgniter.php(368): CodeIgniter\CodeIgniter->handleRequest(null, Object(Config\Cache), false)
 9 FCPATH\index.php(67): CodeIgniter\CodeIgniter->run()
10 SYSTEMPATH\Commands\Server\rewrite.php(47): require_once('C:\\xampp\\htdocs\\WUS-web\\public\\index.php')
CRITICAL - 2023-04-26 10:48:14 --> 22 : The requested URL returned error: 500 
in SYSTEMPATH\HTTP\CURLRequest.php on line 666.
 1 SYSTEMPATH\HTTP\CURLRequest.php(666): CodeIgniter\HTTP\Exceptions\HTTPException::forCurlError('22', 'The requested URL returned error: 500 ')
 2 SYSTEMPATH\HTTP\CURLRequest.php(372): CodeIgniter\HTTP\CURLRequest->sendRequest([...])
 3 SYSTEMPATH\HTTP\CURLRequest.php(134): CodeIgniter\HTTP\CURLRequest->send('post', 'https://dev.workerunionsupport.com/api/Learning/GetLMSCourseByUserId')
 4 SYSTEMPATH\HTTP\CURLRequest.php(207): CodeIgniter\HTTP\CURLRequest->request('post', 'https://dev.workerunionsupport.com/api/Learning/GetLMSCourseByUserId', [...])
 5 APPPATH\Controllers\LMS.php(92): CodeIgniter\HTTP\CURLRequest->post('/api/Learning/GetLMSCourseByUserId', [...])
 6 SYSTEMPATH\CodeIgniter.php(934): App\Controllers\LMS->Course()
 7 SYSTEMPATH\CodeIgniter.php(499): CodeIgniter\CodeIgniter->runController(Object(App\Controllers\LMS))
 8 SYSTEMPATH\CodeIgniter.php(368): CodeIgniter\CodeIgniter->handleRequest(null, Object(Config\Cache), false)
 9 FCPATH\index.php(67): CodeIgniter\CodeIgniter->run()
10 SYSTEMPATH\Commands\Server\rewrite.php(47): require_once('C:\\xampp\\htdocs\\WUS-web\\public\\index.php')
CRITICAL - 2023-04-26 10:48:15 --> 22 : The requested URL returned error: 500 
in SYSTEMPATH\HTTP\CURLRequest.php on line 666.
 1 SYSTEMPATH\HTTP\CURLRequest.php(666): CodeIgniter\HTTP\Exceptions\HTTPException::forCurlError('22', 'The requested URL returned error: 500 ')
 2 SYSTEMPATH\HTTP\CURLRequest.php(372): CodeIgniter\HTTP\CURLRequest->sendRequest([...])
 3 SYSTEMPATH\HTTP\CURLRequest.php(134): CodeIgniter\HTTP\CURLRequest->send('post', 'https://dev.workerunionsupport.com/api/Learning/GetLMSCourseByUserId')
 4 SYSTEMPATH\HTTP\CURLRequest.php(207): CodeIgniter\HTTP\CURLRequest->request('post', 'https://dev.workerunionsupport.com/api/Learning/GetLMSCourseByUserId', [...])
 5 APPPATH\Controllers\LMS.php(92): CodeIgniter\HTTP\CURLRequest->post('/api/Learning/GetLMSCourseByUserId', [...])
 6 SYSTEMPATH\CodeIgniter.php(934): App\Controllers\LMS->Course()
 7 SYSTEMPATH\CodeIgniter.php(499): CodeIgniter\CodeIgniter->runController(Object(App\Controllers\LMS))
 8 SYSTEMPATH\CodeIgniter.php(368): CodeIgniter\CodeIgniter->handleRequest(null, Object(Config\Cache), false)
 9 FCPATH\index.php(67): CodeIgniter\CodeIgniter->run()
10 SYSTEMPATH\Commands\Server\rewrite.php(47): require_once('C:\\xampp\\htdocs\\WUS-web\\public\\index.php')
CRITICAL - 2023-04-26 10:48:26 --> 22 : The requested URL returned error: 500 
in SYSTEMPATH\HTTP\CURLRequest.php on line 666.
 1 SYSTEMPATH\HTTP\CURLRequest.php(666): CodeIgniter\HTTP\Exceptions\HTTPException::forCurlError('22', 'The requested URL returned error: 500 ')
 2 SYSTEMPATH\HTTP\CURLRequest.php(372): CodeIgniter\HTTP\CURLRequest->sendRequest([...])
 3 SYSTEMPATH\HTTP\CURLRequest.php(134): CodeIgniter\HTTP\CURLRequest->send('post', 'https://dev.workerunionsupport.com/api/Learning/GetLMSCourseByUserId')
 4 SYSTEMPATH\HTTP\CURLRequest.php(207): CodeIgniter\HTTP\CURLRequest->request('post', 'https://dev.workerunionsupport.com/api/Learning/GetLMSCourseByUserId', [...])
 5 APPPATH\Controllers\LMS.php(92): CodeIgniter\HTTP\CURLRequest->post('/api/Learning/GetLMSCourseByUserId', [...])
 6 SYSTEMPATH\CodeIgniter.php(934): App\Controllers\LMS->Course()
 7 SYSTEMPATH\CodeIgniter.php(499): CodeIgniter\CodeIgniter->runController(Object(App\Controllers\LMS))
 8 SYSTEMPATH\CodeIgniter.php(368): CodeIgniter\CodeIgniter->handleRequest(null, Object(Config\Cache), false)
 9 FCPATH\index.php(67): CodeIgniter\CodeIgniter->run()
10 SYSTEMPATH\Commands\Server\rewrite.php(47): require_once('C:\\xampp\\htdocs\\WUS-web\\public\\index.php')
